Calling target program-options parser
[16:12:48.997] [bmv2] [D] [thread 2002] Set default default entry for table 'cis553Ingress.tiHandleEthernet': cis553Ingress.aiNotForMe - 
[16:12:48.998] [bmv2] [D] [thread 2002] Set default default entry for table 'tbl_aDrop': cis553Ingress.aDrop - 
[16:12:48.998] [bmv2] [D] [thread 2002] Set default default entry for table 'cis553Ingress.tiIpv4Lpm': NoAction - 
[16:12:48.998] [bmv2] [D] [thread 2002] Set default default entry for table 'cis553Ingress.tiArpResponse': NoAction - 
[16:12:48.999] [bmv2] [D] [thread 2002] Set default default entry for table 'tbl_aDrop_0': cis553Ingress.aDrop - 
Adding interface s1-eth1 as port 1
[16:12:49.001] [bmv2] [D] [thread 2002] Adding interface s1-eth1 as port 1
Adding interface s1-eth2 as port 2
[16:12:49.005] [bmv2] [D] [thread 2002] Adding interface s1-eth2 as port 2
Adding interface s1-eth3 as port 3
[16:12:49.009] [bmv2] [D] [thread 2002] Adding interface s1-eth3 as port 3
I0218 16:12:49.019125323    2002 server_builder.cc:247]      Synchronous server. Num CQs: 1, Min pollers: 1, Max Pollers: 2147483647, CQ timeout (msec): 1000
Server listening on 0.0.0.0:50051
[16:12:49.030] [bmv2] [W] [thread 2002] You used the '--thrift-port' command-line option, but this target was compiled without Thrift support. You can enable Thrift support (not recommended) by providing '--with-thrift' to configure.
[16:12:49.030] [bmv2] [D] [thread 2009] [0.0] [cxt 0] Processing packet received on port 2
[16:12:49.031] [bmv2] [D] [thread 2009] [0.0] [cxt 0] Parser 'parser': start
[16:12:49.031] [bmv2] [D] [thread 2009] [0.0] [cxt 0] Parser 'parser' entering state 'start'
[16:12:49.031] [bmv2] [D] [thread 2009] [0.0] [cxt 0] Extracting header 'ethernet'
[16:12:49.031] [bmv2] [D] [thread 2009] [0.0] [cxt 0] Parser state 'start': key is 86dd
[16:12:49.032] [bmv2] [T] [thread 2009] [0.0] [cxt 0] Bytes parsed: 14
[16:12:49.032] [bmv2] [T] [thread 2009] [0.0] [cxt 0] Skipping checksum 'cksum' verification because target field invalid
[16:12:49.032] [bmv2] [D] [thread 2009] [0.0] [cxt 0] Parser 'parser': end
[16:12:49.032] [bmv2] [D] [thread 2009] [0.0] [cxt 0] Pipeline 'ingress': start
[16:12:49.032] [bmv2] [T] [thread 2009] [0.0] [cxt 0] Applying table 'cis553Ingress.tiHandleEthernet'
[16:12:49.033] [bmv2] [D] [thread 2009] [0.0] [cxt 0] Looking up key:
* hdr.ethernet.dstAddr          : 333300000016
* standard_metadata.ingress_port: 0002

[16:12:49.033] [bmv2] [D] [thread 2009] [0.0] [cxt 0] Table 'cis553Ingress.tiHandleEthernet': miss
[16:12:49.033] [bmv2] [D] [thread 2009] [0.0] [cxt 0] Action entry is cis553Ingress.aiNotForMe - 
[16:12:49.033] [bmv2] [T] [thread 2009] [0.0] [cxt 0] Action cis553Ingress.aiNotForMe
[16:12:49.034] [bmv2] [T] [thread 2009] [0.0] [cxt 0] basic.p4(129) Primitive metadata.forMe = 0
[16:12:49.034] [bmv2] [T] [thread 2009] [0.0] [cxt 0] basic.p4(203) Condition "metadata.forMe == 0" (node_3) is true
[16:12:49.034] [bmv2] [T] [thread 2009] [0.0] [cxt 0] Applying table 'tbl_aDrop'
[16:12:49.034] [bmv2] [D] [thread 2009] [0.0] [cxt 0] Looking up key:

[16:12:49.034] [bmv2] [D] [thread 2009] [0.0] [cxt 0] Table 'tbl_aDrop': miss
[16:12:49.035] [bmv2] [D] [thread 2009] [0.0] [cxt 0] Action entry is cis553Ingress.aDrop - 
[16:12:49.035] [bmv2] [T] [thread 2009] [0.0] [cxt 0] Action cis553Ingress.aDrop
[16:12:49.035] [bmv2] [T] [thread 2009] [0.0] [cxt 0] basic.p4(146) Primitive mark_to_drop()
[16:12:49.035] [bmv2] [D] [thread 2009] [0.0] [cxt 0] Pipeline 'ingress': end
[16:12:49.035] [bmv2] [D] [thread 2009] [0.0] [cxt 0] Egress port is 511
[16:12:49.035] [bmv2] [D] [thread 2009] [0.0] [cxt 0] Dropping packet at the end of ingress
[16:12:49.359] [bmv2] [D] [thread 2009] [1.0] [cxt 0] Processing packet received on port 3
[16:12:49.359] [bmv2] [D] [thread 2009] [1.0] [cxt 0] Parser 'parser': start
[16:12:49.359] [bmv2] [D] [thread 2009] [1.0] [cxt 0] Parser 'parser' entering state 'start'
[16:12:49.360] [bmv2] [D] [thread 2009] [1.0] [cxt 0] Extracting header 'ethernet'
[16:12:49.360] [bmv2] [D] [thread 2009] [1.0] [cxt 0] Parser state 'start': key is 86dd
[16:12:49.360] [bmv2] [T] [thread 2009] [1.0] [cxt 0] Bytes parsed: 14
[16:12:49.361] [bmv2] [T] [thread 2009] [1.0] [cxt 0] Skipping checksum 'cksum' verification because target field invalid
[16:12:49.361] [bmv2] [D] [thread 2009] [1.0] [cxt 0] Parser 'parser': end
[16:12:49.361] [bmv2] [D] [thread 2009] [1.0] [cxt 0] Pipeline 'ingress': start
[16:12:49.362] [bmv2] [T] [thread 2009] [1.0] [cxt 0] Applying table 'cis553Ingress.tiHandleEthernet'
[16:12:49.362] [bmv2] [D] [thread 2009] [1.0] [cxt 0] Looking up key:
* hdr.ethernet.dstAddr          : 3333ff010300
* standard_metadata.ingress_port: 0003

[16:12:49.363] [bmv2] [D] [thread 2009] [1.0] [cxt 0] Table 'cis553Ingress.tiHandleEthernet': miss
[16:12:49.363] [bmv2] [D] [thread 2009] [1.0] [cxt 0] Action entry is cis553Ingress.aiNotForMe - 
[16:12:49.364] [bmv2] [T] [thread 2009] [1.0] [cxt 0] Action cis553Ingress.aiNotForMe
[16:12:49.364] [bmv2] [T] [thread 2009] [1.0] [cxt 0] basic.p4(129) Primitive metadata.forMe = 0
[16:12:49.365] [bmv2] [T] [thread 2009] [1.0] [cxt 0] basic.p4(203) Condition "metadata.forMe == 0" (node_3) is true
[16:12:49.365] [bmv2] [T] [thread 2009] [1.0] [cxt 0] Applying table 'tbl_aDrop'
[16:12:49.365] [bmv2] [D] [thread 2009] [1.0] [cxt 0] Looking up key:

[16:12:49.366] [bmv2] [D] [thread 2009] [1.0] [cxt 0] Table 'tbl_aDrop': miss
[16:12:49.366] [bmv2] [D] [thread 2009] [1.0] [cxt 0] Action entry is cis553Ingress.aDrop - 
[16:12:49.366] [bmv2] [T] [thread 2009] [1.0] [cxt 0] Action cis553Ingress.aDrop
[16:12:49.366] [bmv2] [T] [thread 2009] [1.0] [cxt 0] basic.p4(146) Primitive mark_to_drop()
[16:12:49.367] [bmv2] [D] [thread 2009] [1.0] [cxt 0] Pipeline 'ingress': end
[16:12:49.367] [bmv2] [D] [thread 2009] [1.0] [cxt 0] Egress port is 511
[16:12:49.367] [bmv2] [D] [thread 2009] [1.0] [cxt 0] Dropping packet at the end of ingress
[16:12:49.447] [bmv2] [D] [thread 2009] [2.0] [cxt 0] Processing packet received on port 2
[16:12:49.447] [bmv2] [D] [thread 2009] [2.0] [cxt 0] Parser 'parser': start
[16:12:49.447] [bmv2] [D] [thread 2009] [2.0] [cxt 0] Parser 'parser' entering state 'start'
[16:12:49.447] [bmv2] [D] [thread 2009] [2.0] [cxt 0] Extracting header 'ethernet'
[16:12:49.448] [bmv2] [D] [thread 2009] [2.0] [cxt 0] Parser state 'start': key is 86dd
[16:12:49.448] [bmv2] [T] [thread 2009] [2.0] [cxt 0] Bytes parsed: 14
[16:12:49.448] [bmv2] [T] [thread 2009] [2.0] [cxt 0] Skipping checksum 'cksum' verification because target field invalid
[16:12:49.449] [bmv2] [D] [thread 2009] [2.0] [cxt 0] Parser 'parser': end
[16:12:49.449] [bmv2] [D] [thread 2009] [2.0] [cxt 0] Pipeline 'ingress': start
[16:12:49.449] [bmv2] [T] [thread 2009] [2.0] [cxt 0] Applying table 'cis553Ingress.tiHandleEthernet'
[16:12:49.449] [bmv2] [D] [thread 2009] [2.0] [cxt 0] Looking up key:
* hdr.ethernet.dstAddr          : 333300000016
* standard_metadata.ingress_port: 0002

[16:12:49.449] [bmv2] [D] [thread 2009] [2.0] [cxt 0] Table 'cis553Ingress.tiHandleEthernet': miss
[16:12:49.450] [bmv2] [D] [thread 2009] [2.0] [cxt 0] Action entry is cis553Ingress.aiNotForMe - 
[16:12:49.450] [bmv2] [T] [thread 2009] [2.0] [cxt 0] Action cis553Ingress.aiNotForMe
[16:12:49.450] [bmv2] [T] [thread 2009] [2.0] [cxt 0] basic.p4(129) Primitive metadata.forMe = 0
[16:12:49.450] [bmv2] [T] [thread 2009] [2.0] [cxt 0] basic.p4(203) Condition "metadata.forMe == 0" (node_3) is true
[16:12:49.451] [bmv2] [T] [thread 2009] [2.0] [cxt 0] Applying table 'tbl_aDrop'
[16:12:49.451] [bmv2] [D] [thread 2009] [2.0] [cxt 0] Looking up key:

[16:12:49.451] [bmv2] [D] [thread 2009] [2.0] [cxt 0] Table 'tbl_aDrop': miss
[16:12:49.451] [bmv2] [D] [thread 2009] [2.0] [cxt 0] Action entry is cis553Ingress.aDrop - 
[16:12:49.452] [bmv2] [T] [thread 2009] [2.0] [cxt 0] Action cis553Ingress.aDrop
[16:12:49.452] [bmv2] [T] [thread 2009] [2.0] [cxt 0] basic.p4(146) Primitive mark_to_drop()
[16:12:49.452] [bmv2] [D] [thread 2009] [2.0] [cxt 0] Pipeline 'ingress': end
[16:12:49.452] [bmv2] [D] [thread 2009] [2.0] [cxt 0] Egress port is 511
[16:12:49.452] [bmv2] [D] [thread 2009] [2.0] [cxt 0] Dropping packet at the end of ingress
[16:12:49.453] [bmv2] [D] [thread 2009] [3.0] [cxt 0] Processing packet received on port 2
[16:12:49.453] [bmv2] [D] [thread 2009] [3.0] [cxt 0] Parser 'parser': start
[16:12:49.453] [bmv2] [D] [thread 2009] [3.0] [cxt 0] Parser 'parser' entering state 'start'
[16:12:49.453] [bmv2] [D] [thread 2009] [3.0] [cxt 0] Extracting header 'ethernet'
[16:12:49.453] [bmv2] [D] [thread 2009] [3.0] [cxt 0] Parser state 'start': key is 86dd
[16:12:49.453] [bmv2] [T] [thread 2009] [3.0] [cxt 0] Bytes parsed: 14
[16:12:49.453] [bmv2] [T] [thread 2009] [3.0] [cxt 0] Skipping checksum 'cksum' verification because target field invalid
[16:12:49.453] [bmv2] [D] [thread 2009] [3.0] [cxt 0] Parser 'parser': end
[16:12:49.454] [bmv2] [D] [thread 2009] [3.0] [cxt 0] Pipeline 'ingress': start
[16:12:49.454] [bmv2] [T] [thread 2009] [3.0] [cxt 0] Applying table 'cis553Ingress.tiHandleEthernet'
[16:12:49.454] [bmv2] [D] [thread 2009] [3.0] [cxt 0] Looking up key:
* hdr.ethernet.dstAddr          : 333300000002
* standard_metadata.ingress_port: 0002

[16:12:49.454] [bmv2] [D] [thread 2009] [3.0] [cxt 0] Table 'cis553Ingress.tiHandleEthernet': miss
[16:12:49.454] [bmv2] [D] [thread 2009] [3.0] [cxt 0] Action entry is cis553Ingress.aiNotForMe - 
[16:12:49.454] [bmv2] [T] [thread 2009] [3.0] [cxt 0] Action cis553Ingress.aiNotForMe
[16:12:49.454] [bmv2] [T] [thread 2009] [3.0] [cxt 0] basic.p4(129) Primitive metadata.forMe = 0
[16:12:49.454] [bmv2] [T] [thread 2009] [3.0] [cxt 0] basic.p4(203) Condition "metadata.forMe == 0" (node_3) is true
[16:12:49.454] [bmv2] [T] [thread 2009] [3.0] [cxt 0] Applying table 'tbl_aDrop'
[16:12:49.454] [bmv2] [D] [thread 2009] [3.0] [cxt 0] Looking up key:

[16:12:49.454] [bmv2] [D] [thread 2009] [3.0] [cxt 0] Table 'tbl_aDrop': miss
[16:12:49.454] [bmv2] [D] [thread 2009] [3.0] [cxt 0] Action entry is cis553Ingress.aDrop - 
[16:12:49.455] [bmv2] [T] [thread 2009] [3.0] [cxt 0] Action cis553Ingress.aDrop
[16:12:49.455] [bmv2] [T] [thread 2009] [3.0] [cxt 0] basic.p4(146) Primitive mark_to_drop()
[16:12:49.455] [bmv2] [D] [thread 2009] [3.0] [cxt 0] Pipeline 'ingress': end
[16:12:49.455] [bmv2] [D] [thread 2009] [3.0] [cxt 0] Egress port is 511
[16:12:49.455] [bmv2] [D] [thread 2009] [3.0] [cxt 0] Dropping packet at the end of ingress
[16:12:49.555] [bmv2] [D] [thread 2009] [4.0] [cxt 0] Processing packet received on port 1
[16:12:49.555] [bmv2] [D] [thread 2009] [4.0] [cxt 0] Parser 'parser': start
[16:12:49.555] [bmv2] [D] [thread 2009] [4.0] [cxt 0] Parser 'parser' entering state 'start'
[16:12:49.556] [bmv2] [D] [thread 2009] [4.0] [cxt 0] Extracting header 'ethernet'
[16:12:49.556] [bmv2] [D] [thread 2009] [4.0] [cxt 0] Parser state 'start': key is 86dd
[16:12:49.556] [bmv2] [T] [thread 2009] [4.0] [cxt 0] Bytes parsed: 14
[16:12:49.556] [bmv2] [T] [thread 2009] [4.0] [cxt 0] Skipping checksum 'cksum' verification because target field invalid
[16:12:49.556] [bmv2] [D] [thread 2009] [4.0] [cxt 0] Parser 'parser': end
[16:12:49.557] [bmv2] [D] [thread 2009] [4.0] [cxt 0] Pipeline 'ingress': start
[16:12:49.557] [bmv2] [T] [thread 2009] [4.0] [cxt 0] Applying table 'cis553Ingress.tiHandleEthernet'
[16:12:49.557] [bmv2] [D] [thread 2009] [4.0] [cxt 0] Looking up key:
* hdr.ethernet.dstAddr          : 333300000016
* standard_metadata.ingress_port: 0001

[16:12:49.557] [bmv2] [D] [thread 2009] [4.0] [cxt 0] Table 'cis553Ingress.tiHandleEthernet': miss
[16:12:49.557] [bmv2] [D] [thread 2009] [4.0] [cxt 0] Action entry is cis553Ingress.aiNotForMe - 
[16:12:49.558] [bmv2] [T] [thread 2009] [4.0] [cxt 0] Action cis553Ingress.aiNotForMe
[16:12:49.558] [bmv2] [T] [thread 2009] [4.0] [cxt 0] basic.p4(129) Primitive metadata.forMe = 0
[16:12:49.558] [bmv2] [T] [thread 2009] [4.0] [cxt 0] basic.p4(203) Condition "metadata.forMe == 0" (node_3) is true
[16:12:49.558] [bmv2] [T] [thread 2009] [4.0] [cxt 0] Applying table 'tbl_aDrop'
[16:12:49.558] [bmv2] [D] [thread 2009] [4.0] [cxt 0] Looking up key:

[16:12:49.559] [bmv2] [D] [thread 2009] [4.0] [cxt 0] Table 'tbl_aDrop': miss
[16:12:49.559] [bmv2] [D] [thread 2009] [4.0] [cxt 0] Action entry is cis553Ingress.aDrop - 
[16:12:49.559] [bmv2] [T] [thread 2009] [4.0] [cxt 0] Action cis553Ingress.aDrop
[16:12:49.559] [bmv2] [T] [thread 2009] [4.0] [cxt 0] basic.p4(146) Primitive mark_to_drop()
[16:12:49.559] [bmv2] [D] [thread 2009] [4.0] [cxt 0] Pipeline 'ingress': end
[16:12:49.559] [bmv2] [D] [thread 2009] [4.0] [cxt 0] Egress port is 511
[16:12:49.559] [bmv2] [D] [thread 2009] [4.0] [cxt 0] Dropping packet at the end of ingress
[16:12:49.559] [bmv2] [D] [thread 2009] [5.0] [cxt 0] Processing packet received on port 1
[16:12:49.560] [bmv2] [D] [thread 2009] [5.0] [cxt 0] Parser 'parser': start
[16:12:49.560] [bmv2] [D] [thread 2009] [5.0] [cxt 0] Parser 'parser' entering state 'start'
[16:12:49.560] [bmv2] [D] [thread 2009] [5.0] [cxt 0] Extracting header 'ethernet'
[16:12:49.560] [bmv2] [D] [thread 2009] [5.0] [cxt 0] Parser state 'start': key is 86dd
[16:12:49.560] [bmv2] [T] [thread 2009] [5.0] [cxt 0] Bytes parsed: 14
[16:12:49.560] [bmv2] [T] [thread 2009] [5.0] [cxt 0] Skipping checksum 'cksum' verification because target field invalid
[16:12:49.560] [bmv2] [D] [thread 2009] [5.0] [cxt 0] Parser 'parser': end
[16:12:49.560] [bmv2] [D] [thread 2009] [5.0] [cxt 0] Pipeline 'ingress': start
[16:12:49.560] [bmv2] [T] [thread 2009] [5.0] [cxt 0] Applying table 'cis553Ingress.tiHandleEthernet'
[16:12:49.561] [bmv2] [D] [thread 2009] [5.0] [cxt 0] Looking up key:
* hdr.ethernet.dstAddr          : 333300000002
* standard_metadata.ingress_port: 0001

[16:12:49.561] [bmv2] [D] [thread 2009] [5.0] [cxt 0] Table 'cis553Ingress.tiHandleEthernet': miss
[16:12:49.561] [bmv2] [D] [thread 2009] [5.0] [cxt 0] Action entry is cis553Ingress.aiNotForMe - 
[16:12:49.561] [bmv2] [T] [thread 2009] [5.0] [cxt 0] Action cis553Ingress.aiNotForMe
[16:12:49.561] [bmv2] [T] [thread 2009] [5.0] [cxt 0] basic.p4(129) Primitive metadata.forMe = 0
[16:12:49.561] [bmv2] [T] [thread 2009] [5.0] [cxt 0] basic.p4(203) Condition "metadata.forMe == 0" (node_3) is true
[16:12:49.561] [bmv2] [T] [thread 2009] [5.0] [cxt 0] Applying table 'tbl_aDrop'
[16:12:49.561] [bmv2] [D] [thread 2009] [5.0] [cxt 0] Looking up key:

[16:12:49.561] [bmv2] [D] [thread 2009] [5.0] [cxt 0] Table 'tbl_aDrop': miss
[16:12:49.562] [bmv2] [D] [thread 2009] [5.0] [cxt 0] Action entry is cis553Ingress.aDrop - 
[16:12:49.562] [bmv2] [T] [thread 2009] [5.0] [cxt 0] Action cis553Ingress.aDrop
[16:12:49.562] [bmv2] [T] [thread 2009] [5.0] [cxt 0] basic.p4(146) Primitive mark_to_drop()
[16:12:49.562] [bmv2] [D] [thread 2009] [5.0] [cxt 0] Pipeline 'ingress': end
[16:12:49.562] [bmv2] [D] [thread 2009] [5.0] [cxt 0] Egress port is 511
[16:12:49.562] [bmv2] [D] [thread 2009] [5.0] [cxt 0] Dropping packet at the end of ingress
[16:12:49.570] [bmv2] [D] [thread 2009] [6.0] [cxt 0] Processing packet received on port 1
[16:12:49.571] [bmv2] [D] [thread 2009] [6.0] [cxt 0] Parser 'parser': start
[16:12:49.571] [bmv2] [D] [thread 2009] [6.0] [cxt 0] Parser 'parser' entering state 'start'
[16:12:49.571] [bmv2] [D] [thread 2009] [6.0] [cxt 0] Extracting header 'ethernet'
[16:12:49.572] [bmv2] [D] [thread 2009] [6.0] [cxt 0] Parser state 'start': key is 86dd
[16:12:49.572] [bmv2] [T] [thread 2009] [6.0] [cxt 0] Bytes parsed: 14
[16:12:49.572] [bmv2] [T] [thread 2009] [6.0] [cxt 0] Skipping checksum 'cksum' verification because target field invalid
[16:12:49.573] [bmv2] [D] [thread 2009] [6.0] [cxt 0] Parser 'parser': end
[16:12:49.573] [bmv2] [D] [thread 2009] [6.0] [cxt 0] Pipeline 'ingress': start
[16:12:49.573] [bmv2] [T] [thread 2009] [6.0] [cxt 0] Applying table 'cis553Ingress.tiHandleEthernet'
[16:12:49.574] [bmv2] [D] [thread 2009] [6.0] [cxt 0] Looking up key:
* hdr.ethernet.dstAddr          : 333300000016
* standard_metadata.ingress_port: 0001

[16:12:49.574] [bmv2] [D] [thread 2009] [6.0] [cxt 0] Table 'cis553Ingress.tiHandleEthernet': miss
[16:12:49.574] [bmv2] [D] [thread 2009] [6.0] [cxt 0] Action entry is cis553Ingress.aiNotForMe - 
[16:12:49.575] [bmv2] [T] [thread 2009] [6.0] [cxt 0] Action cis553Ingress.aiNotForMe
[16:12:49.575] [bmv2] [T] [thread 2009] [6.0] [cxt 0] basic.p4(129) Primitive metadata.forMe = 0
[16:12:49.575] [bmv2] [T] [thread 2009] [6.0] [cxt 0] basic.p4(203) Condition "metadata.forMe == 0" (node_3) is true
[16:12:49.576] [bmv2] [T] [thread 2009] [6.0] [cxt 0] Applying table 'tbl_aDrop'
[16:12:49.576] [bmv2] [D] [thread 2009] [6.0] [cxt 0] Looking up key:

[16:12:49.576] [bmv2] [D] [thread 2009] [6.0] [cxt 0] Table 'tbl_aDrop': miss
[16:12:49.576] [bmv2] [D] [thread 2009] [6.0] [cxt 0] Action entry is cis553Ingress.aDrop - 
[16:12:49.577] [bmv2] [T] [thread 2009] [6.0] [cxt 0] Action cis553Ingress.aDrop
[16:12:49.577] [bmv2] [T] [thread 2009] [6.0] [cxt 0] basic.p4(146) Primitive mark_to_drop()
[16:12:49.577] [bmv2] [D] [thread 2009] [6.0] [cxt 0] Pipeline 'ingress': end
[16:12:49.577] [bmv2] [D] [thread 2009] [6.0] [cxt 0] Egress port is 511
[16:12:49.577] [bmv2] [D] [thread 2009] [6.0] [cxt 0] Dropping packet at the end of ingress
[16:12:49.931] [bmv2] [D] [thread 2009] [7.0] [cxt 0] Processing packet received on port 2
[16:12:49.931] [bmv2] [D] [thread 2009] [7.0] [cxt 0] Parser 'parser': start
[16:12:49.932] [bmv2] [D] [thread 2009] [7.0] [cxt 0] Parser 'parser' entering state 'start'
[16:12:49.932] [bmv2] [D] [thread 2009] [7.0] [cxt 0] Extracting header 'ethernet'
[16:12:49.933] [bmv2] [D] [thread 2009] [7.0] [cxt 0] Parser state 'start': key is 86dd
[16:12:49.933] [bmv2] [T] [thread 2009] [7.0] [cxt 0] Bytes parsed: 14
[16:12:49.934] [bmv2] [T] [thread 2009] [7.0] [cxt 0] Skipping checksum 'cksum' verification because target field invalid
[16:12:49.934] [bmv2] [D] [thread 2009] [7.0] [cxt 0] Parser 'parser': end
[16:12:49.935] [bmv2] [D] [thread 2009] [7.0] [cxt 0] Pipeline 'ingress': start
[16:12:49.935] [bmv2] [T] [thread 2009] [7.0] [cxt 0] Applying table 'cis553Ingress.tiHandleEthernet'
[16:12:49.935] [bmv2] [D] [thread 2009] [7.0] [cxt 0] Looking up key:
* hdr.ethernet.dstAddr          : 333300000016
* standard_metadata.ingress_port: 0002

[16:12:49.936] [bmv2] [D] [thread 2009] [7.0] [cxt 0] Table 'cis553Ingress.tiHandleEthernet': miss
[16:12:49.936] [bmv2] [D] [thread 2009] [7.0] [cxt 0] Action entry is cis553Ingress.aiNotForMe - 
[16:12:49.936] [bmv2] [T] [thread 2009] [7.0] [cxt 0] Action cis553Ingress.aiNotForMe
[16:12:49.936] [bmv2] [T] [thread 2009] [7.0] [cxt 0] basic.p4(129) Primitive metadata.forMe = 0
[16:12:49.937] [bmv2] [T] [thread 2009] [7.0] [cxt 0] basic.p4(203) Condition "metadata.forMe == 0" (node_3) is true
[16:12:49.937] [bmv2] [T] [thread 2009] [7.0] [cxt 0] Applying table 'tbl_aDrop'
[16:12:49.937] [bmv2] [D] [thread 2009] [7.0] [cxt 0] Looking up key:

[16:12:49.937] [bmv2] [D] [thread 2009] [7.0] [cxt 0] Table 'tbl_aDrop': miss
[16:12:49.938] [bmv2] [D] [thread 2009] [7.0] [cxt 0] Action entry is cis553Ingress.aDrop - 
[16:12:49.938] [bmv2] [T] [thread 2009] [7.0] [cxt 0] Action cis553Ingress.aDrop
[16:12:49.938] [bmv2] [T] [thread 2009] [7.0] [cxt 0] basic.p4(146) Primitive mark_to_drop()
[16:12:49.938] [bmv2] [D] [thread 2009] [7.0] [cxt 0] Pipeline 'ingress': end
[16:12:49.938] [bmv2] [D] [thread 2009] [7.0] [cxt 0] Egress port is 511
[16:12:49.938] [bmv2] [D] [thread 2009] [7.0] [cxt 0] Dropping packet at the end of ingress
[16:12:49.938] [bmv2] [D] [thread 2009] [8.0] [cxt 0] Processing packet received on port 2
[16:12:49.938] [bmv2] [D] [thread 2009] [8.0] [cxt 0] Parser 'parser': start
[16:12:49.939] [bmv2] [D] [thread 2009] [8.0] [cxt 0] Parser 'parser' entering state 'start'
[16:12:49.939] [bmv2] [D] [thread 2009] [8.0] [cxt 0] Extracting header 'ethernet'
[16:12:49.939] [bmv2] [D] [thread 2009] [8.0] [cxt 0] Parser state 'start': key is 86dd
[16:12:49.939] [bmv2] [T] [thread 2009] [8.0] [cxt 0] Bytes parsed: 14
[16:12:49.939] [bmv2] [T] [thread 2009] [8.0] [cxt 0] Skipping checksum 'cksum' verification because target field invalid
[16:12:49.939] [bmv2] [D] [thread 2009] [8.0] [cxt 0] Parser 'parser': end
[16:12:49.939] [bmv2] [D] [thread 2009] [8.0] [cxt 0] Pipeline 'ingress': start
[16:12:49.939] [bmv2] [T] [thread 2009] [8.0] [cxt 0] Applying table 'cis553Ingress.tiHandleEthernet'
[16:12:49.939] [bmv2] [D] [thread 2009] [8.0] [cxt 0] Looking up key:
* hdr.ethernet.dstAddr          : 333300000002
* standard_metadata.ingress_port: 0002

[16:12:49.939] [bmv2] [D] [thread 2009] [8.0] [cxt 0] Table 'cis553Ingress.tiHandleEthernet': miss
[16:12:49.939] [bmv2] [D] [thread 2009] [8.0] [cxt 0] Action entry is cis553Ingress.aiNotForMe - 
[16:12:49.940] [bmv2] [T] [thread 2009] [8.0] [cxt 0] Action cis553Ingress.aiNotForMe
[16:12:49.940] [bmv2] [T] [thread 2009] [8.0] [cxt 0] basic.p4(129) Primitive metadata.forMe = 0
[16:12:49.940] [bmv2] [T] [thread 2009] [8.0] [cxt 0] basic.p4(203) Condition "metadata.forMe == 0" (node_3) is true
[16:12:49.940] [bmv2] [T] [thread 2009] [8.0] [cxt 0] Applying table 'tbl_aDrop'
[16:12:49.940] [bmv2] [D] [thread 2009] [8.0] [cxt 0] Looking up key:

[16:12:49.940] [bmv2] [D] [thread 2009] [8.0] [cxt 0] Table 'tbl_aDrop': miss
[16:12:49.940] [bmv2] [D] [thread 2009] [8.0] [cxt 0] Action entry is cis553Ingress.aDrop - 
[16:12:49.940] [bmv2] [T] [thread 2009] [8.0] [cxt 0] Action cis553Ingress.aDrop
[16:12:49.940] [bmv2] [T] [thread 2009] [8.0] [cxt 0] basic.p4(146) Primitive mark_to_drop()
[16:12:49.940] [bmv2] [D] [thread 2009] [8.0] [cxt 0] Pipeline 'ingress': end
[16:12:49.940] [bmv2] [D] [thread 2009] [8.0] [cxt 0] Egress port is 511
[16:12:49.940] [bmv2] [D] [thread 2009] [8.0] [cxt 0] Dropping packet at the end of ingress
[16:12:49.946] [bmv2] [D] [thread 2009] [9.0] [cxt 0] Processing packet received on port 3
[16:12:49.946] [bmv2] [D] [thread 2009] [9.0] [cxt 0] Parser 'parser': start
[16:12:49.946] [bmv2] [D] [thread 2009] [9.0] [cxt 0] Parser 'parser' entering state 'start'
[16:12:49.946] [bmv2] [D] [thread 2009] [9.0] [cxt 0] Extracting header 'ethernet'
[16:12:49.947] [bmv2] [D] [thread 2009] [9.0] [cxt 0] Parser state 'start': key is 86dd
[16:12:49.947] [bmv2] [T] [thread 2009] [9.0] [cxt 0] Bytes parsed: 14
[16:12:49.947] [bmv2] [T] [thread 2009] [9.0] [cxt 0] Skipping checksum 'cksum' verification because target field invalid
[16:12:49.947] [bmv2] [D] [thread 2009] [9.0] [cxt 0] Parser 'parser': end
[16:12:49.947] [bmv2] [D] [thread 2009] [9.0] [cxt 0] Pipeline 'ingress': start
[16:12:49.947] [bmv2] [T] [thread 2009] [9.0] [cxt 0] Applying table 'cis553Ingress.tiHandleEthernet'
[16:12:49.948] [bmv2] [D] [thread 2009] [9.0] [cxt 0] Looking up key:
* hdr.ethernet.dstAddr          : 333300000016
* standard_metadata.ingress_port: 0003

[16:12:49.948] [bmv2] [D] [thread 2009] [9.0] [cxt 0] Table 'cis553Ingress.tiHandleEthernet': miss
[16:12:49.948] [bmv2] [D] [thread 2009] [9.0] [cxt 0] Action entry is cis553Ingress.aiNotForMe - 
[16:12:49.948] [bmv2] [T] [thread 2009] [9.0] [cxt 0] Action cis553Ingress.aiNotForMe
[16:12:49.948] [bmv2] [T] [thread 2009] [9.0] [cxt 0] basic.p4(129) Primitive metadata.forMe = 0
[16:12:49.948] [bmv2] [T] [thread 2009] [9.0] [cxt 0] basic.p4(203) Condition "metadata.forMe == 0" (node_3) is true
[16:12:49.949] [bmv2] [T] [thread 2009] [9.0] [cxt 0] Applying table 'tbl_aDrop'
[16:12:49.949] [bmv2] [D] [thread 2009] [9.0] [cxt 0] Looking up key:

[16:12:49.949] [bmv2] [D] [thread 2009] [9.0] [cxt 0] Table 'tbl_aDrop': miss
[16:12:49.949] [bmv2] [D] [thread 2009] [9.0] [cxt 0] Action entry is cis553Ingress.aDrop - 
[16:12:49.949] [bmv2] [T] [thread 2009] [9.0] [cxt 0] Action cis553Ingress.aDrop
[16:12:49.949] [bmv2] [T] [thread 2009] [9.0] [cxt 0] basic.p4(146) Primitive mark_to_drop()
[16:12:49.949] [bmv2] [D] [thread 2009] [9.0] [cxt 0] Pipeline 'ingress': end
[16:12:49.950] [bmv2] [D] [thread 2009] [9.0] [cxt 0] Egress port is 511
[16:12:49.950] [bmv2] [D] [thread 2009] [9.0] [cxt 0] Dropping packet at the end of ingress
[16:12:49.950] [bmv2] [D] [thread 2009] [10.0] [cxt 0] Processing packet received on port 3
[16:12:49.950] [bmv2] [D] [thread 2009] [10.0] [cxt 0] Parser 'parser': start
[16:12:49.950] [bmv2] [D] [thread 2009] [10.0] [cxt 0] Parser 'parser' entering state 'start'
[16:12:49.951] [bmv2] [D] [thread 2009] [10.0] [cxt 0] Extracting header 'ethernet'
[16:12:49.951] [bmv2] [D] [thread 2009] [10.0] [cxt 0] Parser state 'start': key is 86dd
[16:12:49.951] [bmv2] [T] [thread 2009] [10.0] [cxt 0] Bytes parsed: 14
[16:12:49.951] [bmv2] [T] [thread 2009] [10.0] [cxt 0] Skipping checksum 'cksum' verification because target field invalid
[16:12:49.951] [bmv2] [D] [thread 2009] [10.0] [cxt 0] Parser 'parser': end
[16:12:49.951] [bmv2] [D] [thread 2009] [10.0] [cxt 0] Pipeline 'ingress': start
[16:12:49.951] [bmv2] [T] [thread 2009] [10.0] [cxt 0] Applying table 'cis553Ingress.tiHandleEthernet'
[16:12:49.951] [bmv2] [D] [thread 2009] [10.0] [cxt 0] Looking up key:
* hdr.ethernet.dstAddr          : 333300000002
* standard_metadata.ingress_port: 0003

[16:12:49.951] [bmv2] [D] [thread 2009] [10.0] [cxt 0] Table 'cis553Ingress.tiHandleEthernet': miss
[16:12:49.951] [bmv2] [D] [thread 2009] [10.0] [cxt 0] Action entry is cis553Ingress.aiNotForMe - 
[16:12:49.951] [bmv2] [T] [thread 2009] [10.0] [cxt 0] Action cis553Ingress.aiNotForMe
[16:12:49.951] [bmv2] [T] [thread 2009] [10.0] [cxt 0] basic.p4(129) Primitive metadata.forMe = 0
[16:12:49.951] [bmv2] [T] [thread 2009] [10.0] [cxt 0] basic.p4(203) Condition "metadata.forMe == 0" (node_3) is true
[16:12:49.952] [bmv2] [T] [thread 2009] [10.0] [cxt 0] Applying table 'tbl_aDrop'
[16:12:49.952] [bmv2] [D] [thread 2009] [10.0] [cxt 0] Looking up key:

[16:12:49.952] [bmv2] [D] [thread 2009] [10.0] [cxt 0] Table 'tbl_aDrop': miss
[16:12:49.952] [bmv2] [D] [thread 2009] [10.0] [cxt 0] Action entry is cis553Ingress.aDrop - 
[16:12:49.952] [bmv2] [T] [thread 2009] [10.0] [cxt 0] Action cis553Ingress.aDrop
[16:12:49.952] [bmv2] [T] [thread 2009] [10.0] [cxt 0] basic.p4(146) Primitive mark_to_drop()
[16:12:49.952] [bmv2] [D] [thread 2009] [10.0] [cxt 0] Pipeline 'ingress': end
[16:12:49.952] [bmv2] [D] [thread 2009] [10.0] [cxt 0] Egress port is 511
[16:12:49.952] [bmv2] [D] [thread 2009] [10.0] [cxt 0] Dropping packet at the end of ingress
[16:12:50.106] [bmv2] [D] [thread 2009] [11.0] [cxt 0] Processing packet received on port 2
[16:12:50.106] [bmv2] [D] [thread 2009] [11.0] [cxt 0] Parser 'parser': start
[16:12:50.107] [bmv2] [D] [thread 2009] [11.0] [cxt 0] Parser 'parser' entering state 'start'
[16:12:50.107] [bmv2] [D] [thread 2009] [11.0] [cxt 0] Extracting header 'ethernet'
[16:12:50.107] [bmv2] [D] [thread 2009] [11.0] [cxt 0] Parser state 'start': key is 86dd
[16:12:50.108] [bmv2] [T] [thread 2009] [11.0] [cxt 0] Bytes parsed: 14
[16:12:50.108] [bmv2] [T] [thread 2009] [11.0] [cxt 0] Skipping checksum 'cksum' verification because target field invalid
[16:12:50.108] [bmv2] [D] [thread 2009] [11.0] [cxt 0] Parser 'parser': end
[16:12:50.108] [bmv2] [D] [thread 2009] [11.0] [cxt 0] Pipeline 'ingress': start
[16:12:50.109] [bmv2] [T] [thread 2009] [11.0] [cxt 0] Applying table 'cis553Ingress.tiHandleEthernet'
[16:12:50.109] [bmv2] [D] [thread 2009] [11.0] [cxt 0] Looking up key:
* hdr.ethernet.dstAddr          : 333300000016
* standard_metadata.ingress_port: 0002

[16:12:50.109] [bmv2] [D] [thread 2009] [11.0] [cxt 0] Table 'cis553Ingress.tiHandleEthernet': miss
[16:12:50.113] [bmv2] [D] [thread 2009] [11.0] [cxt 0] Action entry is cis553Ingress.aiNotForMe - 
[16:12:50.113] [bmv2] [T] [thread 2009] [11.0] [cxt 0] Action cis553Ingress.aiNotForMe
[16:12:50.114] [bmv2] [T] [thread 2009] [11.0] [cxt 0] basic.p4(129) Primitive metadata.forMe = 0
[16:12:50.114] [bmv2] [T] [thread 2009] [11.0] [cxt 0] basic.p4(203) Condition "metadata.forMe == 0" (node_3) is true
[16:12:50.114] [bmv2] [T] [thread 2009] [11.0] [cxt 0] Applying table 'tbl_aDrop'
[16:12:50.114] [bmv2] [D] [thread 2009] [11.0] [cxt 0] Looking up key:

[16:12:50.115] [bmv2] [D] [thread 2009] [11.0] [cxt 0] Table 'tbl_aDrop': miss
[16:12:50.115] [bmv2] [D] [thread 2009] [11.0] [cxt 0] Action entry is cis553Ingress.aDrop - 
[16:12:50.115] [bmv2] [T] [thread 2009] [11.0] [cxt 0] Action cis553Ingress.aDrop
[16:12:50.115] [bmv2] [T] [thread 2009] [11.0] [cxt 0] basic.p4(146) Primitive mark_to_drop()
[16:12:50.116] [bmv2] [D] [thread 2009] [11.0] [cxt 0] Pipeline 'ingress': end
[16:12:50.116] [bmv2] [D] [thread 2009] [11.0] [cxt 0] Egress port is 511
[16:12:50.116] [bmv2] [D] [thread 2009] [11.0] [cxt 0] Dropping packet at the end of ingress
[16:12:50.359] [bmv2] [D] [thread 2009] [12.0] [cxt 0] Processing packet received on port 3
[16:12:50.359] [bmv2] [D] [thread 2009] [12.0] [cxt 0] Parser 'parser': start
[16:12:50.359] [bmv2] [D] [thread 2009] [12.0] [cxt 0] Parser 'parser' entering state 'start'
[16:12:50.360] [bmv2] [D] [thread 2009] [12.0] [cxt 0] Extracting header 'ethernet'
[16:12:50.360] [bmv2] [D] [thread 2009] [12.0] [cxt 0] Parser state 'start': key is 86dd
[16:12:50.360] [bmv2] [T] [thread 2009] [12.0] [cxt 0] Bytes parsed: 14
[16:12:50.360] [bmv2] [T] [thread 2009] [12.0] [cxt 0] Skipping checksum 'cksum' verification because target field invalid
[16:12:50.360] [bmv2] [D] [thread 2009] [12.0] [cxt 0] Parser 'parser': end
[16:12:50.361] [bmv2] [D] [thread 2009] [12.0] [cxt 0] Pipeline 'ingress': start
[16:12:50.361] [bmv2] [T] [thread 2009] [12.0] [cxt 0] Applying table 'cis553Ingress.tiHandleEthernet'
[16:12:50.361] [bmv2] [D] [thread 2009] [12.0] [cxt 0] Looking up key:
* hdr.ethernet.dstAddr          : 333300000016
* standard_metadata.ingress_port: 0003

[16:12:50.363] [bmv2] [D] [thread 2009] [12.0] [cxt 0] Table 'cis553Ingress.tiHandleEthernet': miss
[16:12:50.363] [bmv2] [D] [thread 2009] [12.0] [cxt 0] Action entry is cis553Ingress.aiNotForMe - 
[16:12:50.363] [bmv2] [T] [thread 2009] [12.0] [cxt 0] Action cis553Ingress.aiNotForMe
[16:12:50.363] [bmv2] [T] [thread 2009] [12.0] [cxt 0] basic.p4(129) Primitive metadata.forMe = 0
[16:12:50.364] [bmv2] [T] [thread 2009] [12.0] [cxt 0] basic.p4(203) Condition "metadata.forMe == 0" (node_3) is true
[16:12:50.364] [bmv2] [T] [thread 2009] [12.0] [cxt 0] Applying table 'tbl_aDrop'
[16:12:50.364] [bmv2] [D] [thread 2009] [12.0] [cxt 0] Looking up key:

[16:12:50.364] [bmv2] [D] [thread 2009] [12.0] [cxt 0] Table 'tbl_aDrop': miss
[16:12:50.365] [bmv2] [D] [thread 2009] [12.0] [cxt 0] Action entry is cis553Ingress.aDrop - 
[16:12:50.365] [bmv2] [T] [thread 2009] [12.0] [cxt 0] Action cis553Ingress.aDrop
[16:12:50.365] [bmv2] [T] [thread 2009] [12.0] [cxt 0] basic.p4(146) Primitive mark_to_drop()
[16:12:50.365] [bmv2] [D] [thread 2009] [12.0] [cxt 0] Pipeline 'ingress': end
[16:12:50.365] [bmv2] [D] [thread 2009] [12.0] [cxt 0] Egress port is 511
[16:12:50.366] [bmv2] [D] [thread 2009] [12.0] [cxt 0] Dropping packet at the end of ingress
[16:12:50.366] [bmv2] [D] [thread 2009] [13.0] [cxt 0] Processing packet received on port 3
[16:12:50.367] [bmv2] [D] [thread 2009] [13.0] [cxt 0] Parser 'parser': start
[16:12:50.367] [bmv2] [D] [thread 2009] [13.0] [cxt 0] Parser 'parser' entering state 'start'
[16:12:50.367] [bmv2] [D] [thread 2009] [13.0] [cxt 0] Extracting header 'ethernet'
[16:12:50.368] [bmv2] [D] [thread 2009] [13.0] [cxt 0] Parser state 'start': key is 86dd
[16:12:50.368] [bmv2] [T] [thread 2009] [13.0] [cxt 0] Bytes parsed: 14
[16:12:50.368] [bmv2] [T] [thread 2009] [13.0] [cxt 0] Skipping checksum 'cksum' verification because target field invalid
[16:12:50.368] [bmv2] [D] [thread 2009] [13.0] [cxt 0] Parser 'parser': end
[16:12:50.368] [bmv2] [D] [thread 2009] [13.0] [cxt 0] Pipeline 'ingress': start
[16:12:50.369] [bmv2] [T] [thread 2009] [13.0] [cxt 0] Applying table 'cis553Ingress.tiHandleEthernet'
[16:12:50.369] [bmv2] [D] [thread 2009] [13.0] [cxt 0] Looking up key:
* hdr.ethernet.dstAddr          : 333300000002
* standard_metadata.ingress_port: 0003

[16:12:50.369] [bmv2] [D] [thread 2009] [13.0] [cxt 0] Table 'cis553Ingress.tiHandleEthernet': miss
[16:12:50.369] [bmv2] [D] [thread 2009] [13.0] [cxt 0] Action entry is cis553Ingress.aiNotForMe - 
[16:12:50.369] [bmv2] [T] [thread 2009] [13.0] [cxt 0] Action cis553Ingress.aiNotForMe
[16:12:50.369] [bmv2] [T] [thread 2009] [13.0] [cxt 0] basic.p4(129) Primitive metadata.forMe = 0
[16:12:50.369] [bmv2] [T] [thread 2009] [13.0] [cxt 0] basic.p4(203) Condition "metadata.forMe == 0" (node_3) is true
[16:12:50.375] [bmv2] [T] [thread 2009] [13.0] [cxt 0] Applying table 'tbl_aDrop'
[16:12:50.375] [bmv2] [D] [thread 2009] [13.0] [cxt 0] Looking up key:

[16:12:50.375] [bmv2] [D] [thread 2009] [13.0] [cxt 0] Table 'tbl_aDrop': miss
[16:12:50.375] [bmv2] [D] [thread 2009] [13.0] [cxt 0] Action entry is cis553Ingress.aDrop - 
[16:12:50.375] [bmv2] [T] [thread 2009] [13.0] [cxt 0] Action cis553Ingress.aDrop
[16:12:50.375] [bmv2] [T] [thread 2009] [13.0] [cxt 0] basic.p4(146) Primitive mark_to_drop()
[16:12:50.375] [bmv2] [D] [thread 2009] [13.0] [cxt 0] Pipeline 'ingress': end
[16:12:50.375] [bmv2] [D] [thread 2009] [13.0] [cxt 0] Egress port is 511
[16:12:50.375] [bmv2] [D] [thread 2009] [13.0] [cxt 0] Dropping packet at the end of ingress
[16:12:50.646] [bmv2] [D] [thread 2009] [14.0] [cxt 0] Processing packet received on port 3
[16:12:50.646] [bmv2] [D] [thread 2009] [14.0] [cxt 0] Parser 'parser': start
[16:12:50.646] [bmv2] [D] [thread 2009] [14.0] [cxt 0] Parser 'parser' entering state 'start'
[16:12:50.647] [bmv2] [D] [thread 2009] [14.0] [cxt 0] Extracting header 'ethernet'
[16:12:50.647] [bmv2] [D] [thread 2009] [14.0] [cxt 0] Parser state 'start': key is 86dd
[16:12:50.647] [bmv2] [T] [thread 2009] [14.0] [cxt 0] Bytes parsed: 14
[16:12:50.647] [bmv2] [T] [thread 2009] [14.0] [cxt 0] Skipping checksum 'cksum' verification because target field invalid
[16:12:50.648] [bmv2] [D] [thread 2009] [14.0] [cxt 0] Parser 'parser': end
[16:12:50.648] [bmv2] [D] [thread 2009] [14.0] [cxt 0] Pipeline 'ingress': start
[16:12:50.648] [bmv2] [T] [thread 2009] [14.0] [cxt 0] Applying table 'cis553Ingress.tiHandleEthernet'
[16:12:50.648] [bmv2] [D] [thread 2009] [14.0] [cxt 0] Looking up key:
* hdr.ethernet.dstAddr          : 333300000016
* standard_metadata.ingress_port: 0003

[16:12:50.649] [bmv2] [D] [thread 2009] [14.0] [cxt 0] Table 'cis553Ingress.tiHandleEthernet': miss
[16:12:50.649] [bmv2] [D] [thread 2009] [14.0] [cxt 0] Action entry is cis553Ingress.aiNotForMe - 
[16:12:50.649] [bmv2] [T] [thread 2009] [14.0] [cxt 0] Action cis553Ingress.aiNotForMe
[16:12:50.650] [bmv2] [T] [thread 2009] [14.0] [cxt 0] basic.p4(129) Primitive metadata.forMe = 0
[16:12:50.650] [bmv2] [T] [thread 2009] [14.0] [cxt 0] basic.p4(203) Condition "metadata.forMe == 0" (node_3) is true
[16:12:50.650] [bmv2] [T] [thread 2009] [14.0] [cxt 0] Applying table 'tbl_aDrop'
[16:12:50.650] [bmv2] [D] [thread 2009] [14.0] [cxt 0] Looking up key:

[16:12:50.651] [bmv2] [D] [thread 2009] [14.0] [cxt 0] Table 'tbl_aDrop': miss
[16:12:50.651] [bmv2] [D] [thread 2009] [14.0] [cxt 0] Action entry is cis553Ingress.aDrop - 
[16:12:50.651] [bmv2] [T] [thread 2009] [14.0] [cxt 0] Action cis553Ingress.aDrop
[16:12:50.651] [bmv2] [T] [thread 2009] [14.0] [cxt 0] basic.p4(146) Primitive mark_to_drop()
[16:12:50.652] [bmv2] [D] [thread 2009] [14.0] [cxt 0] Pipeline 'ingress': end
[16:12:50.652] [bmv2] [D] [thread 2009] [14.0] [cxt 0] Egress port is 511
[16:12:50.652] [bmv2] [D] [thread 2009] [14.0] [cxt 0] Dropping packet at the end of ingress
[16:12:50.718] [bmv2] [D] [thread 2009] [15.0] [cxt 0] Processing packet received on port 3
[16:12:50.718] [bmv2] [D] [thread 2009] [15.0] [cxt 0] Parser 'parser': start
[16:12:50.718] [bmv2] [D] [thread 2009] [15.0] [cxt 0] Parser 'parser' entering state 'start'
[16:12:50.719] [bmv2] [D] [thread 2009] [15.0] [cxt 0] Extracting header 'ethernet'
[16:12:50.719] [bmv2] [D] [thread 2009] [15.0] [cxt 0] Parser state 'start': key is 86dd
[16:12:50.719] [bmv2] [T] [thread 2009] [15.0] [cxt 0] Bytes parsed: 14
[16:12:50.719] [bmv2] [T] [thread 2009] [15.0] [cxt 0] Skipping checksum 'cksum' verification because target field invalid
[16:12:50.719] [bmv2] [D] [thread 2009] [15.0] [cxt 0] Parser 'parser': end
[16:12:50.720] [bmv2] [D] [thread 2009] [15.0] [cxt 0] Pipeline 'ingress': start
[16:12:50.720] [bmv2] [T] [thread 2009] [15.0] [cxt 0] Applying table 'cis553Ingress.tiHandleEthernet'
[16:12:50.720] [bmv2] [D] [thread 2009] [15.0] [cxt 0] Looking up key:
* hdr.ethernet.dstAddr          : 333300000016
* standard_metadata.ingress_port: 0003

[16:12:50.721] [bmv2] [D] [thread 2009] [15.0] [cxt 0] Table 'cis553Ingress.tiHandleEthernet': miss
[16:12:50.721] [bmv2] [D] [thread 2009] [15.0] [cxt 0] Action entry is cis553Ingress.aiNotForMe - 
[16:12:50.721] [bmv2] [T] [thread 2009] [15.0] [cxt 0] Action cis553Ingress.aiNotForMe
[16:12:50.721] [bmv2] [T] [thread 2009] [15.0] [cxt 0] basic.p4(129) Primitive metadata.forMe = 0
[16:12:50.722] [bmv2] [T] [thread 2009] [15.0] [cxt 0] basic.p4(203) Condition "metadata.forMe == 0" (node_3) is true
[16:12:50.722] [bmv2] [T] [thread 2009] [15.0] [cxt 0] Applying table 'tbl_aDrop'
[16:12:50.722] [bmv2] [D] [thread 2009] [15.0] [cxt 0] Looking up key:

[16:12:50.722] [bmv2] [D] [thread 2009] [15.0] [cxt 0] Table 'tbl_aDrop': miss
[16:12:50.722] [bmv2] [D] [thread 2009] [15.0] [cxt 0] Action entry is cis553Ingress.aDrop - 
[16:12:50.722] [bmv2] [T] [thread 2009] [15.0] [cxt 0] Action cis553Ingress.aDrop
[16:12:50.723] [bmv2] [T] [thread 2009] [15.0] [cxt 0] basic.p4(146) Primitive mark_to_drop()
[16:12:50.723] [bmv2] [D] [thread 2009] [15.0] [cxt 0] Pipeline 'ingress': end
[16:12:50.723] [bmv2] [D] [thread 2009] [15.0] [cxt 0] Egress port is 511
[16:12:50.723] [bmv2] [D] [thread 2009] [15.0] [cxt 0] Dropping packet at the end of ingress
[16:12:50.838] [bmv2] [D] [thread 2009] [16.0] [cxt 0] Processing packet received on port 2
[16:12:50.838] [bmv2] [D] [thread 2009] [16.0] [cxt 0] Parser 'parser': start
[16:12:50.838] [bmv2] [D] [thread 2009] [16.0] [cxt 0] Parser 'parser' entering state 'start'
[16:12:50.839] [bmv2] [D] [thread 2009] [16.0] [cxt 0] Extracting header 'ethernet'
[16:12:50.839] [bmv2] [D] [thread 2009] [16.0] [cxt 0] Parser state 'start': key is 86dd
[16:12:50.839] [bmv2] [T] [thread 2009] [16.0] [cxt 0] Bytes parsed: 14
[16:12:50.840] [bmv2] [T] [thread 2009] [16.0] [cxt 0] Skipping checksum 'cksum' verification because target field invalid
[16:12:50.840] [bmv2] [D] [thread 2009] [16.0] [cxt 0] Parser 'parser': end
[16:12:50.840] [bmv2] [D] [thread 2009] [16.0] [cxt 0] Pipeline 'ingress': start
[16:12:50.840] [bmv2] [T] [thread 2009] [16.0] [cxt 0] Applying table 'cis553Ingress.tiHandleEthernet'
[16:12:50.840] [bmv2] [D] [thread 2009] [16.0] [cxt 0] Looking up key:
* hdr.ethernet.dstAddr          : 333300000016
* standard_metadata.ingress_port: 0002

[16:12:50.841] [bmv2] [D] [thread 2009] [16.0] [cxt 0] Table 'cis553Ingress.tiHandleEthernet': miss
[16:12:50.841] [bmv2] [D] [thread 2009] [16.0] [cxt 0] Action entry is cis553Ingress.aiNotForMe - 
[16:12:50.841] [bmv2] [T] [thread 2009] [16.0] [cxt 0] Action cis553Ingress.aiNotForMe
[16:12:50.841] [bmv2] [T] [thread 2009] [16.0] [cxt 0] basic.p4(129) Primitive metadata.forMe = 0
[16:12:50.841] [bmv2] [T] [thread 2009] [16.0] [cxt 0] basic.p4(203) Condition "metadata.forMe == 0" (node_3) is true
[16:12:50.842] [bmv2] [T] [thread 2009] [16.0] [cxt 0] Applying table 'tbl_aDrop'
[16:12:50.842] [bmv2] [D] [thread 2009] [16.0] [cxt 0] Looking up key:

[16:12:50.842] [bmv2] [D] [thread 2009] [16.0] [cxt 0] Table 'tbl_aDrop': miss
[16:12:50.842] [bmv2] [D] [thread 2009] [16.0] [cxt 0] Action entry is cis553Ingress.aDrop - 
[16:12:50.843] [bmv2] [T] [thread 2009] [16.0] [cxt 0] Action cis553Ingress.aDrop
[16:12:50.843] [bmv2] [T] [thread 2009] [16.0] [cxt 0] basic.p4(146) Primitive mark_to_drop()
[16:12:50.843] [bmv2] [D] [thread 2009] [16.0] [cxt 0] Pipeline 'ingress': end
[16:12:50.843] [bmv2] [D] [thread 2009] [16.0] [cxt 0] Egress port is 511
[16:12:50.844] [bmv2] [D] [thread 2009] [16.0] [cxt 0] Dropping packet at the end of ingress
[16:12:51.131] [bmv2] [D] [thread 2009] [17.0] [cxt 0] Processing packet received on port 1
[16:12:51.131] [bmv2] [D] [thread 2009] [17.0] [cxt 0] Parser 'parser': start
[16:12:51.131] [bmv2] [D] [thread 2009] [17.0] [cxt 0] Parser 'parser' entering state 'start'
[16:12:51.132] [bmv2] [D] [thread 2009] [17.0] [cxt 0] Extracting header 'ethernet'
[16:12:51.132] [bmv2] [D] [thread 2009] [17.0] [cxt 0] Parser state 'start': key is 86dd
[16:12:51.132] [bmv2] [T] [thread 2009] [17.0] [cxt 0] Bytes parsed: 14
[16:12:51.132] [bmv2] [T] [thread 2009] [17.0] [cxt 0] Skipping checksum 'cksum' verification because target field invalid
[16:12:51.133] [bmv2] [D] [thread 2009] [17.0] [cxt 0] Parser 'parser': end
[16:12:51.133] [bmv2] [D] [thread 2009] [17.0] [cxt 0] Pipeline 'ingress': start
[16:12:51.133] [bmv2] [T] [thread 2009] [17.0] [cxt 0] Applying table 'cis553Ingress.tiHandleEthernet'
[16:12:51.134] [bmv2] [D] [thread 2009] [17.0] [cxt 0] Looking up key:
* hdr.ethernet.dstAddr          : 333300000016
* standard_metadata.ingress_port: 0001

[16:12:51.134] [bmv2] [D] [thread 2009] [17.0] [cxt 0] Table 'cis553Ingress.tiHandleEthernet': miss
[16:12:51.134] [bmv2] [D] [thread 2009] [17.0] [cxt 0] Action entry is cis553Ingress.aiNotForMe - 
[16:12:51.134] [bmv2] [T] [thread 2009] [17.0] [cxt 0] Action cis553Ingress.aiNotForMe
[16:12:51.134] [bmv2] [T] [thread 2009] [17.0] [cxt 0] basic.p4(129) Primitive metadata.forMe = 0
[16:12:51.135] [bmv2] [T] [thread 2009] [17.0] [cxt 0] basic.p4(203) Condition "metadata.forMe == 0" (node_3) is true
[16:12:51.135] [bmv2] [T] [thread 2009] [17.0] [cxt 0] Applying table 'tbl_aDrop'
[16:12:51.135] [bmv2] [D] [thread 2009] [17.0] [cxt 0] Looking up key:

[16:12:51.135] [bmv2] [D] [thread 2009] [17.0] [cxt 0] Table 'tbl_aDrop': miss
[16:12:51.135] [bmv2] [D] [thread 2009] [17.0] [cxt 0] Action entry is cis553Ingress.aDrop - 
[16:12:51.136] [bmv2] [T] [thread 2009] [17.0] [cxt 0] Action cis553Ingress.aDrop
[16:12:51.136] [bmv2] [T] [thread 2009] [17.0] [cxt 0] basic.p4(146) Primitive mark_to_drop()
[16:12:51.136] [bmv2] [D] [thread 2009] [17.0] [cxt 0] Pipeline 'ingress': end
[16:12:51.136] [bmv2] [D] [thread 2009] [17.0] [cxt 0] Egress port is 511
[16:12:51.136] [bmv2] [D] [thread 2009] [17.0] [cxt 0] Dropping packet at the end of ingress
[16:12:51.362] [bmv2] [D] [thread 2009] [18.0] [cxt 0] Processing packet received on port 1
[16:12:51.363] [bmv2] [D] [thread 2009] [18.0] [cxt 0] Parser 'parser': start
[16:12:51.363] [bmv2] [D] [thread 2009] [18.0] [cxt 0] Parser 'parser' entering state 'start'
[16:12:51.363] [bmv2] [D] [thread 2009] [18.0] [cxt 0] Extracting header 'ethernet'
[16:12:51.364] [bmv2] [D] [thread 2009] [18.0] [cxt 0] Parser state 'start': key is 86dd
[16:12:51.364] [bmv2] [T] [thread 2009] [18.0] [cxt 0] Bytes parsed: 14
[16:12:51.364] [bmv2] [T] [thread 2009] [18.0] [cxt 0] Skipping checksum 'cksum' verification because target field invalid
[16:12:51.365] [bmv2] [D] [thread 2009] [18.0] [cxt 0] Parser 'parser': end
[16:12:51.365] [bmv2] [D] [thread 2009] [18.0] [cxt 0] Pipeline 'ingress': start
[16:12:51.366] [bmv2] [T] [thread 2009] [18.0] [cxt 0] Applying table 'cis553Ingress.tiHandleEthernet'
[16:12:51.366] [bmv2] [D] [thread 2009] [18.0] [cxt 0] Looking up key:
* hdr.ethernet.dstAddr          : 333300000016
* standard_metadata.ingress_port: 0001

[16:12:51.366] [bmv2] [D] [thread 2009] [18.0] [cxt 0] Table 'cis553Ingress.tiHandleEthernet': miss
[16:12:51.367] [bmv2] [D] [thread 2009] [18.0] [cxt 0] Action entry is cis553Ingress.aiNotForMe - 
[16:12:51.367] [bmv2] [T] [thread 2009] [18.0] [cxt 0] Action cis553Ingress.aiNotForMe
[16:12:51.367] [bmv2] [T] [thread 2009] [18.0] [cxt 0] basic.p4(129) Primitive metadata.forMe = 0
[16:12:51.367] [bmv2] [T] [thread 2009] [18.0] [cxt 0] basic.p4(203) Condition "metadata.forMe == 0" (node_3) is true
[16:12:51.367] [bmv2] [T] [thread 2009] [18.0] [cxt 0] Applying table 'tbl_aDrop'
[16:12:51.368] [bmv2] [D] [thread 2009] [18.0] [cxt 0] Looking up key:

[16:12:51.368] [bmv2] [D] [thread 2009] [18.0] [cxt 0] Table 'tbl_aDrop': miss
[16:12:51.368] [bmv2] [D] [thread 2009] [18.0] [cxt 0] Action entry is cis553Ingress.aDrop - 
[16:12:51.368] [bmv2] [T] [thread 2009] [18.0] [cxt 0] Action cis553Ingress.aDrop
[16:12:51.368] [bmv2] [T] [thread 2009] [18.0] [cxt 0] basic.p4(146) Primitive mark_to_drop()
[16:12:51.368] [bmv2] [D] [thread 2009] [18.0] [cxt 0] Pipeline 'ingress': end
[16:12:51.369] [bmv2] [D] [thread 2009] [18.0] [cxt 0] Egress port is 511
[16:12:51.369] [bmv2] [D] [thread 2009] [18.0] [cxt 0] Dropping packet at the end of ingress
[16:12:53.449] [bmv2] [D] [thread 2009] [19.0] [cxt 0] Processing packet received on port 2
[16:12:53.450] [bmv2] [D] [thread 2009] [19.0] [cxt 0] Parser 'parser': start
[16:12:53.450] [bmv2] [D] [thread 2009] [19.0] [cxt 0] Parser 'parser' entering state 'start'
[16:12:53.450] [bmv2] [D] [thread 2009] [19.0] [cxt 0] Extracting header 'ethernet'
[16:12:53.450] [bmv2] [D] [thread 2009] [19.0] [cxt 0] Parser state 'start': key is 86dd
[16:12:53.450] [bmv2] [T] [thread 2009] [19.0] [cxt 0] Bytes parsed: 14
[16:12:53.450] [bmv2] [T] [thread 2009] [19.0] [cxt 0] Skipping checksum 'cksum' verification because target field invalid
[16:12:53.451] [bmv2] [D] [thread 2009] [19.0] [cxt 0] Parser 'parser': end
[16:12:53.451] [bmv2] [D] [thread 2009] [19.0] [cxt 0] Pipeline 'ingress': start
[16:12:53.451] [bmv2] [T] [thread 2009] [19.0] [cxt 0] Applying table 'cis553Ingress.tiHandleEthernet'
[16:12:53.451] [bmv2] [D] [thread 2009] [19.0] [cxt 0] Looking up key:
* hdr.ethernet.dstAddr          : 333300000002
* standard_metadata.ingress_port: 0002

[16:12:53.451] [bmv2] [D] [thread 2009] [19.0] [cxt 0] Table 'cis553Ingress.tiHandleEthernet': miss
[16:12:53.451] [bmv2] [D] [thread 2009] [19.0] [cxt 0] Action entry is cis553Ingress.aiNotForMe - 
[16:12:53.451] [bmv2] [T] [thread 2009] [19.0] [cxt 0] Action cis553Ingress.aiNotForMe
[16:12:53.451] [bmv2] [T] [thread 2009] [19.0] [cxt 0] basic.p4(129) Primitive metadata.forMe = 0
[16:12:53.451] [bmv2] [T] [thread 2009] [19.0] [cxt 0] basic.p4(203) Condition "metadata.forMe == 0" (node_3) is true
[16:12:53.451] [bmv2] [T] [thread 2009] [19.0] [cxt 0] Applying table 'tbl_aDrop'
[16:12:53.451] [bmv2] [D] [thread 2009] [19.0] [cxt 0] Looking up key:

[16:12:53.451] [bmv2] [D] [thread 2009] [19.0] [cxt 0] Table 'tbl_aDrop': miss
[16:12:53.452] [bmv2] [D] [thread 2009] [19.0] [cxt 0] Action entry is cis553Ingress.aDrop - 
[16:12:53.452] [bmv2] [T] [thread 2009] [19.0] [cxt 0] Action cis553Ingress.aDrop
[16:12:53.452] [bmv2] [T] [thread 2009] [19.0] [cxt 0] basic.p4(146) Primitive mark_to_drop()
[16:12:53.452] [bmv2] [D] [thread 2009] [19.0] [cxt 0] Pipeline 'ingress': end
[16:12:53.452] [bmv2] [D] [thread 2009] [19.0] [cxt 0] Egress port is 511
[16:12:53.452] [bmv2] [D] [thread 2009] [19.0] [cxt 0] Dropping packet at the end of ingress
[16:12:53.562] [bmv2] [D] [thread 2009] [20.0] [cxt 0] Processing packet received on port 1
[16:12:53.562] [bmv2] [D] [thread 2009] [20.0] [cxt 0] Parser 'parser': start
[16:12:53.562] [bmv2] [D] [thread 2009] [20.0] [cxt 0] Parser 'parser' entering state 'start'
[16:12:53.563] [bmv2] [D] [thread 2009] [20.0] [cxt 0] Extracting header 'ethernet'
[16:12:53.563] [bmv2] [D] [thread 2009] [20.0] [cxt 0] Parser state 'start': key is 86dd
[16:12:53.563] [bmv2] [T] [thread 2009] [20.0] [cxt 0] Bytes parsed: 14
[16:12:53.564] [bmv2] [T] [thread 2009] [20.0] [cxt 0] Skipping checksum 'cksum' verification because target field invalid
[16:12:53.564] [bmv2] [D] [thread 2009] [20.0] [cxt 0] Parser 'parser': end
[16:12:53.564] [bmv2] [D] [thread 2009] [20.0] [cxt 0] Pipeline 'ingress': start
[16:12:53.564] [bmv2] [T] [thread 2009] [20.0] [cxt 0] Applying table 'cis553Ingress.tiHandleEthernet'
[16:12:53.564] [bmv2] [D] [thread 2009] [20.0] [cxt 0] Looking up key:
* hdr.ethernet.dstAddr          : 333300000002
* standard_metadata.ingress_port: 0001

[16:12:53.565] [bmv2] [D] [thread 2009] [20.0] [cxt 0] Table 'cis553Ingress.tiHandleEthernet': miss
[16:12:53.565] [bmv2] [D] [thread 2009] [20.0] [cxt 0] Action entry is cis553Ingress.aiNotForMe - 
[16:12:53.565] [bmv2] [T] [thread 2009] [20.0] [cxt 0] Action cis553Ingress.aiNotForMe
[16:12:53.565] [bmv2] [T] [thread 2009] [20.0] [cxt 0] basic.p4(129) Primitive metadata.forMe = 0
[16:12:53.566] [bmv2] [T] [thread 2009] [20.0] [cxt 0] basic.p4(203) Condition "metadata.forMe == 0" (node_3) is true
[16:12:53.566] [bmv2] [T] [thread 2009] [20.0] [cxt 0] Applying table 'tbl_aDrop'
[16:12:53.566] [bmv2] [D] [thread 2009] [20.0] [cxt 0] Looking up key:

[16:12:53.566] [bmv2] [D] [thread 2009] [20.0] [cxt 0] Table 'tbl_aDrop': miss
[16:12:53.567] [bmv2] [D] [thread 2009] [20.0] [cxt 0] Action entry is cis553Ingress.aDrop - 
[16:12:53.567] [bmv2] [T] [thread 2009] [20.0] [cxt 0] Action cis553Ingress.aDrop
[16:12:53.567] [bmv2] [T] [thread 2009] [20.0] [cxt 0] basic.p4(146) Primitive mark_to_drop()
[16:12:53.567] [bmv2] [D] [thread 2009] [20.0] [cxt 0] Pipeline 'ingress': end
[16:12:53.567] [bmv2] [D] [thread 2009] [20.0] [cxt 0] Egress port is 511
[16:12:53.567] [bmv2] [D] [thread 2009] [20.0] [cxt 0] Dropping packet at the end of ingress
[16:12:53.938] [bmv2] [D] [thread 2009] [21.0] [cxt 0] Processing packet received on port 2
[16:12:53.938] [bmv2] [D] [thread 2009] [21.0] [cxt 0] Parser 'parser': start
[16:12:53.939] [bmv2] [D] [thread 2009] [21.0] [cxt 0] Parser 'parser' entering state 'start'
[16:12:53.939] [bmv2] [D] [thread 2009] [21.0] [cxt 0] Extracting header 'ethernet'
[16:12:53.939] [bmv2] [D] [thread 2009] [21.0] [cxt 0] Parser state 'start': key is 86dd
[16:12:53.940] [bmv2] [T] [thread 2009] [21.0] [cxt 0] Bytes parsed: 14
[16:12:53.940] [bmv2] [T] [thread 2009] [21.0] [cxt 0] Skipping checksum 'cksum' verification because target field invalid
[16:12:53.940] [bmv2] [D] [thread 2009] [21.0] [cxt 0] Parser 'parser': end
[16:12:53.940] [bmv2] [D] [thread 2009] [21.0] [cxt 0] Pipeline 'ingress': start
[16:12:53.941] [bmv2] [T] [thread 2009] [21.0] [cxt 0] Applying table 'cis553Ingress.tiHandleEthernet'
[16:12:53.941] [bmv2] [D] [thread 2009] [21.0] [cxt 0] Looking up key:
* hdr.ethernet.dstAddr          : 333300000002
* standard_metadata.ingress_port: 0002

[16:12:53.941] [bmv2] [D] [thread 2009] [21.0] [cxt 0] Table 'cis553Ingress.tiHandleEthernet': miss
[16:12:53.941] [bmv2] [D] [thread 2009] [21.0] [cxt 0] Action entry is cis553Ingress.aiNotForMe - 
[16:12:53.941] [bmv2] [T] [thread 2009] [21.0] [cxt 0] Action cis553Ingress.aiNotForMe
[16:12:53.942] [bmv2] [T] [thread 2009] [21.0] [cxt 0] basic.p4(129) Primitive metadata.forMe = 0
[16:12:53.942] [bmv2] [T] [thread 2009] [21.0] [cxt 0] basic.p4(203) Condition "metadata.forMe == 0" (node_3) is true
[16:12:53.942] [bmv2] [T] [thread 2009] [21.0] [cxt 0] Applying table 'tbl_aDrop'
[16:12:53.942] [bmv2] [D] [thread 2009] [21.0] [cxt 0] Looking up key:

[16:12:53.943] [bmv2] [D] [thread 2009] [21.0] [cxt 0] Table 'tbl_aDrop': miss
[16:12:53.943] [bmv2] [D] [thread 2009] [21.0] [cxt 0] Action entry is cis553Ingress.aDrop - 
[16:12:53.943] [bmv2] [T] [thread 2009] [21.0] [cxt 0] Action cis553Ingress.aDrop
[16:12:53.943] [bmv2] [T] [thread 2009] [21.0] [cxt 0] basic.p4(146) Primitive mark_to_drop()
[16:12:53.944] [bmv2] [D] [thread 2009] [21.0] [cxt 0] Pipeline 'ingress': end
[16:12:53.944] [bmv2] [D] [thread 2009] [21.0] [cxt 0] Egress port is 511
[16:12:53.944] [bmv2] [D] [thread 2009] [21.0] [cxt 0] Dropping packet at the end of ingress
[16:12:53.946] [bmv2] [D] [thread 2009] [22.0] [cxt 0] Processing packet received on port 3
[16:12:53.946] [bmv2] [D] [thread 2009] [22.0] [cxt 0] Parser 'parser': start
[16:12:53.946] [bmv2] [D] [thread 2009] [22.0] [cxt 0] Parser 'parser' entering state 'start'
[16:12:53.946] [bmv2] [D] [thread 2009] [22.0] [cxt 0] Extracting header 'ethernet'
[16:12:53.947] [bmv2] [D] [thread 2009] [22.0] [cxt 0] Parser state 'start': key is 86dd
[16:12:53.948] [bmv2] [T] [thread 2009] [22.0] [cxt 0] Bytes parsed: 14
[16:12:53.948] [bmv2] [T] [thread 2009] [22.0] [cxt 0] Skipping checksum 'cksum' verification because target field invalid
[16:12:53.949] [bmv2] [D] [thread 2009] [22.0] [cxt 0] Parser 'parser': end
[16:12:53.949] [bmv2] [D] [thread 2009] [22.0] [cxt 0] Pipeline 'ingress': start
[16:12:53.949] [bmv2] [T] [thread 2009] [22.0] [cxt 0] Applying table 'cis553Ingress.tiHandleEthernet'
[16:12:53.949] [bmv2] [D] [thread 2009] [22.0] [cxt 0] Looking up key:
* hdr.ethernet.dstAddr          : 333300000002
* standard_metadata.ingress_port: 0003

[16:12:53.949] [bmv2] [D] [thread 2009] [22.0] [cxt 0] Table 'cis553Ingress.tiHandleEthernet': miss
[16:12:53.949] [bmv2] [D] [thread 2009] [22.0] [cxt 0] Action entry is cis553Ingress.aiNotForMe - 
[16:12:53.949] [bmv2] [T] [thread 2009] [22.0] [cxt 0] Action cis553Ingress.aiNotForMe
[16:12:53.949] [bmv2] [T] [thread 2009] [22.0] [cxt 0] basic.p4(129) Primitive metadata.forMe = 0
[16:12:53.949] [bmv2] [T] [thread 2009] [22.0] [cxt 0] basic.p4(203) Condition "metadata.forMe == 0" (node_3) is true
[16:12:53.949] [bmv2] [T] [thread 2009] [22.0] [cxt 0] Applying table 'tbl_aDrop'
[16:12:53.949] [bmv2] [D] [thread 2009] [22.0] [cxt 0] Looking up key:

[16:12:53.949] [bmv2] [D] [thread 2009] [22.0] [cxt 0] Table 'tbl_aDrop': miss
[16:12:53.950] [bmv2] [D] [thread 2009] [22.0] [cxt 0] Action entry is cis553Ingress.aDrop - 
[16:12:53.950] [bmv2] [T] [thread 2009] [22.0] [cxt 0] Action cis553Ingress.aDrop
[16:12:53.950] [bmv2] [T] [thread 2009] [22.0] [cxt 0] basic.p4(146) Primitive mark_to_drop()
[16:12:53.950] [bmv2] [D] [thread 2009] [22.0] [cxt 0] Pipeline 'ingress': end
[16:12:53.950] [bmv2] [D] [thread 2009] [22.0] [cxt 0] Egress port is 511
[16:12:53.950] [bmv2] [D] [thread 2009] [22.0] [cxt 0] Dropping packet at the end of ingress
[16:12:54.362] [bmv2] [D] [thread 2009] [23.0] [cxt 0] Processing packet received on port 3
[16:12:54.363] [bmv2] [D] [thread 2009] [23.0] [cxt 0] Parser 'parser': start
[16:12:54.363] [bmv2] [D] [thread 2009] [23.0] [cxt 0] Parser 'parser' entering state 'start'
[16:12:54.363] [bmv2] [D] [thread 2009] [23.0] [cxt 0] Extracting header 'ethernet'
[16:12:54.364] [bmv2] [D] [thread 2009] [23.0] [cxt 0] Parser state 'start': key is 86dd
[16:12:54.367] [bmv2] [T] [thread 2009] [23.0] [cxt 0] Bytes parsed: 14
[16:12:54.367] [bmv2] [T] [thread 2009] [23.0] [cxt 0] Skipping checksum 'cksum' verification because target field invalid
[16:12:54.368] [bmv2] [D] [thread 2009] [23.0] [cxt 0] Parser 'parser': end
[16:12:54.368] [bmv2] [D] [thread 2009] [23.0] [cxt 0] Pipeline 'ingress': start
[16:12:54.368] [bmv2] [T] [thread 2009] [23.0] [cxt 0] Applying table 'cis553Ingress.tiHandleEthernet'
[16:12:54.369] [bmv2] [D] [thread 2009] [23.0] [cxt 0] Looking up key:
* hdr.ethernet.dstAddr          : 333300000002
* standard_metadata.ingress_port: 0003

[16:12:54.369] [bmv2] [D] [thread 2009] [23.0] [cxt 0] Table 'cis553Ingress.tiHandleEthernet': miss
[16:12:54.370] [bmv2] [D] [thread 2009] [23.0] [cxt 0] Action entry is cis553Ingress.aiNotForMe - 
[16:12:54.370] [bmv2] [T] [thread 2009] [23.0] [cxt 0] Action cis553Ingress.aiNotForMe
[16:12:54.371] [bmv2] [T] [thread 2009] [23.0] [cxt 0] basic.p4(129) Primitive metadata.forMe = 0
[16:12:54.371] [bmv2] [T] [thread 2009] [23.0] [cxt 0] basic.p4(203) Condition "metadata.forMe == 0" (node_3) is true
[16:12:54.372] [bmv2] [T] [thread 2009] [23.0] [cxt 0] Applying table 'tbl_aDrop'
[16:12:54.372] [bmv2] [D] [thread 2009] [23.0] [cxt 0] Looking up key:

[16:12:54.373] [bmv2] [D] [thread 2009] [23.0] [cxt 0] Table 'tbl_aDrop': miss
[16:12:54.374] [bmv2] [D] [thread 2009] [23.0] [cxt 0] Action entry is cis553Ingress.aDrop - 
[16:12:54.374] [bmv2] [T] [thread 2009] [23.0] [cxt 0] Action cis553Ingress.aDrop
[16:12:54.374] [bmv2] [T] [thread 2009] [23.0] [cxt 0] basic.p4(146) Primitive mark_to_drop()
[16:12:54.375] [bmv2] [D] [thread 2009] [23.0] [cxt 0] Pipeline 'ingress': end
[16:12:54.375] [bmv2] [D] [thread 2009] [23.0] [cxt 0] Egress port is 511
[16:12:54.375] [bmv2] [D] [thread 2009] [23.0] [cxt 0] Dropping packet at the end of ingress
New connection
P4Runtime SetForwardingPipelineConfig
[16:12:55.387] [bmv2] [D] [thread 2070] Set default default entry for table 'cis553Ingress.tiHandleEthernet': cis553Ingress.aiNotForMe - 
[16:12:55.388] [bmv2] [D] [thread 2070] Set default default entry for table 'tbl_aDrop': cis553Ingress.aDrop - 
[16:12:55.388] [bmv2] [D] [thread 2070] Set default default entry for table 'cis553Ingress.tiIpv4Lpm': NoAction - 
[16:12:55.388] [bmv2] [D] [thread 2070] Set default default entry for table 'cis553Ingress.tiArpResponse': NoAction - 
[16:12:55.388] [bmv2] [D] [thread 2070] Set default default entry for table 'tbl_aDrop_0': cis553Ingress.aDrop - 
P4Runtime Write
election_id {
  low: 1
}
updates {
  type: INSERT
  entity {
    table_entry {
      table_id: 33604966
      match {
        field_id: 2
        exact {
          value: "\000\001"
        }
      }
      match {
        field_id: 1
        exact {
          value: "\000\000\000\001\001\000"
        }
      }
      action {
        action {
          action_id: 16782111
        }
      }
    }
  }
}
[16:12:55.404] [bmv2] [D] [thread 2070] Entry 0 added to table 'cis553Ingress.tiHandleEthernet'
[16:12:55.404] [bmv2] [D] [thread 2070] Dumping entry 0
Match key:
* hdr.ethernet.dstAddr          : EXACT     000000010100
* standard_metadata.ingress_port: EXACT     0001
Action entry: cis553Ingress.aiForMe - 

P4Runtime Write
election_id {
  low: 1
}
updates {
  type: INSERT
  entity {
    table_entry {
      table_id: 33604966
      match {
        field_id: 2
        exact {
          value: "\000\001"
        }
      }
      match {
        field_id: 1
        exact {
          value: "\377\377\377\377\377\377"
        }
      }
      action {
        action {
          action_id: 16782111
        }
      }
    }
  }
}
[16:12:55.410] [bmv2] [D] [thread 2070] Entry 1 added to table 'cis553Ingress.tiHandleEthernet'
[16:12:55.410] [bmv2] [D] [thread 2070] Dumping entry 1
Match key:
* hdr.ethernet.dstAddr          : EXACT     ffffffffffff
* standard_metadata.ingress_port: EXACT     0001
Action entry: cis553Ingress.aiForMe - 

P4Runtime Write
election_id {
  low: 1
}
updates {
  type: INSERT
  entity {
    table_entry {
      table_id: 33604966
      match {
        field_id: 2
        exact {
          value: "\000\002"
        }
      }
      match {
        field_id: 1
        exact {
          value: "\000\000\000\001\002\000"
        }
      }
      action {
        action {
          action_id: 16782111
        }
      }
    }
  }
}
[16:12:55.412] [bmv2] [D] [thread 2070] Entry 2 added to table 'cis553Ingress.tiHandleEthernet'
[16:12:55.412] [bmv2] [D] [thread 2070] Dumping entry 2
Match key:
* hdr.ethernet.dstAddr          : EXACT     000000010200
* standard_metadata.ingress_port: EXACT     0002
Action entry: cis553Ingress.aiForMe - 

P4Runtime Write
election_id {
  low: 1
}
updates {
  type: INSERT
  entity {
    table_entry {
      table_id: 33604966
      match {
        field_id: 2
        exact {
          value: "\000\002"
        }
      }
      match {
        field_id: 1
        exact {
          value: "\377\377\377\377\377\377"
        }
      }
      action {
        action {
          action_id: 16782111
        }
      }
    }
  }
}
[16:12:55.413] [bmv2] [D] [thread 2070] Entry 3 added to table 'cis553Ingress.tiHandleEthernet'
[16:12:55.414] [bmv2] [D] [thread 2070] Dumping entry 3
Match key:
* hdr.ethernet.dstAddr          : EXACT     ffffffffffff
* standard_metadata.ingress_port: EXACT     0002
Action entry: cis553Ingress.aiForMe - 

P4Runtime Write
election_id {
  low: 1
}
updates {
  type: INSERT
  entity {
    table_entry {
      table_id: 33604966
      match {
        field_id: 2
        exact {
          value: "\000\003"
        }
      }
      match {
        field_id: 1
        exact {
          value: "\000\000\000\001\003\000"
        }
      }
      action {
        action {
          action_id: 16782111
        }
      }
    }
  }
}
[16:12:55.415] [bmv2] [D] [thread 2070] Entry 4 added to table 'cis553Ingress.tiHandleEthernet'
[16:12:55.415] [bmv2] [D] [thread 2070] Dumping entry 4
Match key:
* hdr.ethernet.dstAddr          : EXACT     000000010300
* standard_metadata.ingress_port: EXACT     0003
Action entry: cis553Ingress.aiForMe - 

P4Runtime Write
election_id {
  low: 1
}
updates {
  type: INSERT
  entity {
    table_entry {
      table_id: 33604966
      match {
        field_id: 2
        exact {
          value: "\000\003"
        }
      }
      match {
        field_id: 1
        exact {
          value: "\377\377\377\377\377\377"
        }
      }
      action {
        action {
          action_id: 16782111
        }
      }
    }
  }
}
[16:12:55.417] [bmv2] [D] [thread 2070] Entry 5 added to table 'cis553Ingress.tiHandleEthernet'
[16:12:55.417] [bmv2] [D] [thread 2070] Dumping entry 5
Match key:
* hdr.ethernet.dstAddr          : EXACT     ffffffffffff
* standard_metadata.ingress_port: EXACT     0003
Action entry: cis553Ingress.aiForMe - 

P4Runtime Write
election_id {
  low: 1
}
updates {
  type: INSERT
  entity {
    table_entry {
      table_id: 33611353
      match {
        field_id: 1
        lpm {
          value: "\n\000\001\001"
          prefix_len: 32
        }
      }
      action {
        action {
          action_id: 16816187
          params {
            param_id: 1
            value: "\000\000\000\001\001\000"
          }
          params {
            param_id: 3
            value: "\000\001"
          }
          params {
            param_id: 2
            value: "\000\000\000\000\001\001"
          }
        }
      }
    }
  }
}
[16:12:55.422] [bmv2] [D] [thread 2070] Entry 0 added to table 'cis553Ingress.tiIpv4Lpm'
[16:12:55.422] [bmv2] [D] [thread 2070] Dumping entry 0
Match key:
* hdr.ipv4.dstAddr    : LPM       0a000101/32
Action entry: cis553Ingress.aiForward - 10100,101,1,

P4Runtime Write
election_id {
  low: 1
}
updates {
  type: INSERT
  entity {
    table_entry {
      table_id: 33611353
      match {
        field_id: 1
        lpm {
          value: "\n\000\002\002"
          prefix_len: 32
        }
      }
      action {
        action {
          action_id: 16816187
          params {
            param_id: 1
            value: "\000\000\000\001\002\000"
          }
          params {
            param_id: 3
            value: "\000\002"
          }
          params {
            param_id: 2
            value: "\000\000\000\002\002\000"
          }
        }
      }
    }
  }
}
[16:12:55.429] [bmv2] [D] [thread 2070] Entry 1 added to table 'cis553Ingress.tiIpv4Lpm'
[16:12:55.429] [bmv2] [D] [thread 2070] Dumping entry 1
Match key:
* hdr.ipv4.dstAddr    : LPM       0a000202/32
Action entry: cis553Ingress.aiForward - 10200,20200,2,

P4Runtime Write
election_id {
  low: 1
}
updates {
  type: INSERT
  entity {
    table_entry {
      table_id: 33611353
      match {
        field_id: 1
        lpm {
          value: "\n\000\003\003"
          prefix_len: 32
        }
      }
      action {
        action {
          action_id: 16816187
          params {
            param_id: 1
            value: "\000\000\000\001\003\000"
          }
          params {
            param_id: 3
            value: "\000\003"
          }
          params {
            param_id: 2
            value: "\000\000\000\003\002\000"
          }
        }
      }
    }
  }
}
[16:12:55.431] [bmv2] [D] [thread 2070] Entry 2 added to table 'cis553Ingress.tiIpv4Lpm'
[16:12:55.432] [bmv2] [D] [thread 2070] Dumping entry 2
Match key:
* hdr.ipv4.dstAddr    : LPM       0a000303/32
Action entry: cis553Ingress.aiForward - 10300,30200,3,

P4Runtime Write
election_id {
  low: 1
}
updates {
  type: INSERT
  entity {
    table_entry {
      table_id: 33565999
      match {
        field_id: 2
        exact {
          value: "\n\000\001d"
        }
      }
      match {
        field_id: 1
        exact {
          value: "\000\001"
        }
      }
      action {
        action {
          action_id: 16798547
          params {
            param_id: 1
            value: "\000\000\000\001\001\000"
          }
        }
      }
    }
  }
}
[16:12:55.438] [bmv2] [D] [thread 2070] Entry 0 added to table 'cis553Ingress.tiArpResponse'
[16:12:55.438] [bmv2] [D] [thread 2070] Dumping entry 0
Match key:
* hdr.arp.oper        : EXACT     0001
* hdr.arp.targetPA    : EXACT     0a000164
Action entry: cis553Ingress.aiArpResponse - 10100,

Connection removed
[16:12:57.458] [bmv2] [D] [thread 2009] [24.0] [cxt 0] Processing packet received on port 2
[16:12:57.458] [bmv2] [D] [thread 2009] [24.0] [cxt 0] Parser 'parser': start
[16:12:57.458] [bmv2] [D] [thread 2009] [24.0] [cxt 0] Parser 'parser' entering state 'start'
[16:12:57.458] [bmv2] [D] [thread 2009] [24.0] [cxt 0] Extracting header 'ethernet'
[16:12:57.458] [bmv2] [D] [thread 2009] [24.0] [cxt 0] Parser state 'start': key is 86dd
[16:12:57.458] [bmv2] [T] [thread 2009] [24.0] [cxt 0] Bytes parsed: 14
[16:12:57.458] [bmv2] [T] [thread 2009] [24.0] [cxt 0] Skipping checksum 'cksum' verification because target field invalid
[16:12:57.458] [bmv2] [D] [thread 2009] [24.0] [cxt 0] Parser 'parser': end
[16:12:57.458] [bmv2] [D] [thread 2009] [24.0] [cxt 0] Pipeline 'ingress': start
[16:12:57.459] [bmv2] [T] [thread 2009] [24.0] [cxt 0] Applying table 'cis553Ingress.tiHandleEthernet'
[16:12:57.459] [bmv2] [D] [thread 2009] [24.0] [cxt 0] Looking up key:
* hdr.ethernet.dstAddr          : 333300000002
* standard_metadata.ingress_port: 0002

[16:12:57.459] [bmv2] [D] [thread 2009] [24.0] [cxt 0] Table 'cis553Ingress.tiHandleEthernet': miss
[16:12:57.459] [bmv2] [D] [thread 2009] [24.0] [cxt 0] Action entry is cis553Ingress.aiNotForMe - 
[16:12:57.460] [bmv2] [T] [thread 2009] [24.0] [cxt 0] Action cis553Ingress.aiNotForMe
[16:12:57.460] [bmv2] [T] [thread 2009] [24.0] [cxt 0] basic.p4(129) Primitive metadata.forMe = 0
[16:12:57.460] [bmv2] [T] [thread 2009] [24.0] [cxt 0] basic.p4(203) Condition "metadata.forMe == 0" (node_3) is true
[16:12:57.460] [bmv2] [T] [thread 2009] [24.0] [cxt 0] Applying table 'tbl_aDrop'
[16:12:57.461] [bmv2] [D] [thread 2009] [24.0] [cxt 0] Looking up key:

[16:12:57.461] [bmv2] [D] [thread 2009] [24.0] [cxt 0] Table 'tbl_aDrop': miss
[16:12:57.461] [bmv2] [D] [thread 2009] [24.0] [cxt 0] Action entry is cis553Ingress.aDrop - 
[16:12:57.461] [bmv2] [T] [thread 2009] [24.0] [cxt 0] Action cis553Ingress.aDrop
[16:12:57.461] [bmv2] [T] [thread 2009] [24.0] [cxt 0] basic.p4(146) Primitive mark_to_drop()
[16:12:57.461] [bmv2] [D] [thread 2009] [24.0] [cxt 0] Pipeline 'ingress': end
[16:12:57.462] [bmv2] [D] [thread 2009] [24.0] [cxt 0] Egress port is 511
[16:12:57.462] [bmv2] [D] [thread 2009] [24.0] [cxt 0] Dropping packet at the end of ingress
[16:12:57.570] [bmv2] [D] [thread 2009] [25.0] [cxt 0] Processing packet received on port 1
[16:12:57.570] [bmv2] [D] [thread 2009] [25.0] [cxt 0] Parser 'parser': start
[16:12:57.570] [bmv2] [D] [thread 2009] [25.0] [cxt 0] Parser 'parser' entering state 'start'
[16:12:57.571] [bmv2] [D] [thread 2009] [25.0] [cxt 0] Extracting header 'ethernet'
[16:12:57.571] [bmv2] [D] [thread 2009] [25.0] [cxt 0] Parser state 'start': key is 86dd
[16:12:57.571] [bmv2] [T] [thread 2009] [25.0] [cxt 0] Bytes parsed: 14
[16:12:57.571] [bmv2] [T] [thread 2009] [25.0] [cxt 0] Skipping checksum 'cksum' verification because target field invalid
[16:12:57.571] [bmv2] [D] [thread 2009] [25.0] [cxt 0] Parser 'parser': end
[16:12:57.572] [bmv2] [D] [thread 2009] [25.0] [cxt 0] Pipeline 'ingress': start
[16:12:57.572] [bmv2] [T] [thread 2009] [25.0] [cxt 0] Applying table 'cis553Ingress.tiHandleEthernet'
[16:12:57.572] [bmv2] [D] [thread 2009] [25.0] [cxt 0] Looking up key:
* hdr.ethernet.dstAddr          : 333300000002
* standard_metadata.ingress_port: 0001

[16:12:57.572] [bmv2] [D] [thread 2009] [25.0] [cxt 0] Table 'cis553Ingress.tiHandleEthernet': miss
[16:12:57.573] [bmv2] [D] [thread 2009] [25.0] [cxt 0] Action entry is cis553Ingress.aiNotForMe - 
[16:12:57.573] [bmv2] [T] [thread 2009] [25.0] [cxt 0] Action cis553Ingress.aiNotForMe
[16:12:57.573] [bmv2] [T] [thread 2009] [25.0] [cxt 0] basic.p4(129) Primitive metadata.forMe = 0
[16:12:57.573] [bmv2] [T] [thread 2009] [25.0] [cxt 0] basic.p4(203) Condition "metadata.forMe == 0" (node_3) is true
[16:12:57.573] [bmv2] [T] [thread 2009] [25.0] [cxt 0] Applying table 'tbl_aDrop'
[16:12:57.574] [bmv2] [D] [thread 2009] [25.0] [cxt 0] Looking up key:

[16:12:57.574] [bmv2] [D] [thread 2009] [25.0] [cxt 0] Table 'tbl_aDrop': miss
[16:12:57.574] [bmv2] [D] [thread 2009] [25.0] [cxt 0] Action entry is cis553Ingress.aDrop - 
[16:12:57.575] [bmv2] [T] [thread 2009] [25.0] [cxt 0] Action cis553Ingress.aDrop
[16:12:57.575] [bmv2] [T] [thread 2009] [25.0] [cxt 0] basic.p4(146) Primitive mark_to_drop()
[16:12:57.575] [bmv2] [D] [thread 2009] [25.0] [cxt 0] Pipeline 'ingress': end
[16:12:57.575] [bmv2] [D] [thread 2009] [25.0] [cxt 0] Egress port is 511
[16:12:57.575] [bmv2] [D] [thread 2009] [25.0] [cxt 0] Dropping packet at the end of ingress
[16:12:57.946] [bmv2] [D] [thread 2009] [26.0] [cxt 0] Processing packet received on port 2
[16:12:57.946] [bmv2] [D] [thread 2009] [26.0] [cxt 0] Parser 'parser': start
[16:12:57.947] [bmv2] [D] [thread 2009] [26.0] [cxt 0] Parser 'parser' entering state 'start'
[16:12:57.947] [bmv2] [D] [thread 2009] [26.0] [cxt 0] Extracting header 'ethernet'
[16:12:57.947] [bmv2] [D] [thread 2009] [26.0] [cxt 0] Parser state 'start': key is 86dd
[16:12:57.948] [bmv2] [T] [thread 2009] [26.0] [cxt 0] Bytes parsed: 14
[16:12:57.948] [bmv2] [T] [thread 2009] [26.0] [cxt 0] Skipping checksum 'cksum' verification because target field invalid
[16:12:57.948] [bmv2] [D] [thread 2009] [26.0] [cxt 0] Parser 'parser': end
[16:12:57.949] [bmv2] [D] [thread 2009] [26.0] [cxt 0] Pipeline 'ingress': start
[16:12:57.949] [bmv2] [T] [thread 2009] [26.0] [cxt 0] Applying table 'cis553Ingress.tiHandleEthernet'
[16:12:57.949] [bmv2] [D] [thread 2009] [26.0] [cxt 0] Looking up key:
* hdr.ethernet.dstAddr          : 333300000002
* standard_metadata.ingress_port: 0002

[16:12:57.950] [bmv2] [D] [thread 2009] [26.0] [cxt 0] Table 'cis553Ingress.tiHandleEthernet': miss
[16:12:57.950] [bmv2] [D] [thread 2009] [26.0] [cxt 0] Action entry is cis553Ingress.aiNotForMe - 
[16:12:57.952] [bmv2] [T] [thread 2009] [26.0] [cxt 0] Action cis553Ingress.aiNotForMe
[16:12:57.952] [bmv2] [T] [thread 2009] [26.0] [cxt 0] basic.p4(129) Primitive metadata.forMe = 0
[16:12:57.953] [bmv2] [T] [thread 2009] [26.0] [cxt 0] basic.p4(203) Condition "metadata.forMe == 0" (node_3) is true
[16:12:57.953] [bmv2] [T] [thread 2009] [26.0] [cxt 0] Applying table 'tbl_aDrop'
[16:12:57.953] [bmv2] [D] [thread 2009] [26.0] [cxt 0] Looking up key:

[16:12:57.954] [bmv2] [D] [thread 2009] [26.0] [cxt 0] Table 'tbl_aDrop': miss
[16:12:57.954] [bmv2] [D] [thread 2009] [26.0] [cxt 0] Action entry is cis553Ingress.aDrop - 
[16:12:57.954] [bmv2] [T] [thread 2009] [26.0] [cxt 0] Action cis553Ingress.aDrop
[16:12:57.954] [bmv2] [T] [thread 2009] [26.0] [cxt 0] basic.p4(146) Primitive mark_to_drop()
[16:12:57.955] [bmv2] [D] [thread 2009] [26.0] [cxt 0] Pipeline 'ingress': end
[16:12:57.955] [bmv2] [D] [thread 2009] [26.0] [cxt 0] Egress port is 511
[16:12:57.955] [bmv2] [D] [thread 2009] [26.0] [cxt 0] Dropping packet at the end of ingress
[16:12:57.955] [bmv2] [D] [thread 2009] [27.0] [cxt 0] Processing packet received on port 3
[16:12:57.956] [bmv2] [D] [thread 2009] [27.0] [cxt 0] Parser 'parser': start
[16:12:57.956] [bmv2] [D] [thread 2009] [27.0] [cxt 0] Parser 'parser' entering state 'start'
[16:12:57.956] [bmv2] [D] [thread 2009] [27.0] [cxt 0] Extracting header 'ethernet'
[16:12:57.957] [bmv2] [D] [thread 2009] [27.0] [cxt 0] Parser state 'start': key is 86dd
[16:12:57.957] [bmv2] [T] [thread 2009] [27.0] [cxt 0] Bytes parsed: 14
[16:12:57.957] [bmv2] [T] [thread 2009] [27.0] [cxt 0] Skipping checksum 'cksum' verification because target field invalid
[16:12:57.957] [bmv2] [D] [thread 2009] [27.0] [cxt 0] Parser 'parser': end
[16:12:57.957] [bmv2] [D] [thread 2009] [27.0] [cxt 0] Pipeline 'ingress': start
[16:12:57.958] [bmv2] [T] [thread 2009] [27.0] [cxt 0] Applying table 'cis553Ingress.tiHandleEthernet'
[16:12:57.959] [bmv2] [D] [thread 2009] [27.0] [cxt 0] Looking up key:
* hdr.ethernet.dstAddr          : 333300000002
* standard_metadata.ingress_port: 0003

[16:12:57.959] [bmv2] [D] [thread 2009] [27.0] [cxt 0] Table 'cis553Ingress.tiHandleEthernet': miss
[16:12:57.959] [bmv2] [D] [thread 2009] [27.0] [cxt 0] Action entry is cis553Ingress.aiNotForMe - 
[16:12:57.960] [bmv2] [T] [thread 2009] [27.0] [cxt 0] Action cis553Ingress.aiNotForMe
[16:12:57.960] [bmv2] [T] [thread 2009] [27.0] [cxt 0] basic.p4(129) Primitive metadata.forMe = 0
[16:12:57.960] [bmv2] [T] [thread 2009] [27.0] [cxt 0] basic.p4(203) Condition "metadata.forMe == 0" (node_3) is true
[16:12:57.960] [bmv2] [T] [thread 2009] [27.0] [cxt 0] Applying table 'tbl_aDrop'
[16:12:57.960] [bmv2] [D] [thread 2009] [27.0] [cxt 0] Looking up key:

[16:12:57.960] [bmv2] [D] [thread 2009] [27.0] [cxt 0] Table 'tbl_aDrop': miss
[16:12:57.960] [bmv2] [D] [thread 2009] [27.0] [cxt 0] Action entry is cis553Ingress.aDrop - 
[16:12:57.961] [bmv2] [T] [thread 2009] [27.0] [cxt 0] Action cis553Ingress.aDrop
[16:12:57.961] [bmv2] [T] [thread 2009] [27.0] [cxt 0] basic.p4(146) Primitive mark_to_drop()
[16:12:57.961] [bmv2] [D] [thread 2009] [27.0] [cxt 0] Pipeline 'ingress': end
[16:12:57.961] [bmv2] [D] [thread 2009] [27.0] [cxt 0] Egress port is 511
[16:12:57.961] [bmv2] [D] [thread 2009] [27.0] [cxt 0] Dropping packet at the end of ingress
[16:12:58.371] [bmv2] [D] [thread 2009] [28.0] [cxt 0] Processing packet received on port 3
[16:12:58.371] [bmv2] [D] [thread 2009] [28.0] [cxt 0] Parser 'parser': start
[16:12:58.372] [bmv2] [D] [thread 2009] [28.0] [cxt 0] Parser 'parser' entering state 'start'
[16:12:58.372] [bmv2] [D] [thread 2009] [28.0] [cxt 0] Extracting header 'ethernet'
[16:12:58.373] [bmv2] [D] [thread 2009] [28.0] [cxt 0] Parser state 'start': key is 86dd
[16:12:58.373] [bmv2] [T] [thread 2009] [28.0] [cxt 0] Bytes parsed: 14
[16:12:58.373] [bmv2] [T] [thread 2009] [28.0] [cxt 0] Skipping checksum 'cksum' verification because target field invalid
[16:12:58.373] [bmv2] [D] [thread 2009] [28.0] [cxt 0] Parser 'parser': end
[16:12:58.374] [bmv2] [D] [thread 2009] [28.0] [cxt 0] Pipeline 'ingress': start
[16:12:58.374] [bmv2] [T] [thread 2009] [28.0] [cxt 0] Applying table 'cis553Ingress.tiHandleEthernet'
[16:12:58.374] [bmv2] [D] [thread 2009] [28.0] [cxt 0] Looking up key:
* hdr.ethernet.dstAddr          : 333300000002
* standard_metadata.ingress_port: 0003

[16:12:58.374] [bmv2] [D] [thread 2009] [28.0] [cxt 0] Table 'cis553Ingress.tiHandleEthernet': miss
[16:12:58.375] [bmv2] [D] [thread 2009] [28.0] [cxt 0] Action entry is cis553Ingress.aiNotForMe - 
[16:12:58.375] [bmv2] [T] [thread 2009] [28.0] [cxt 0] Action cis553Ingress.aiNotForMe
[16:12:58.375] [bmv2] [T] [thread 2009] [28.0] [cxt 0] basic.p4(129) Primitive metadata.forMe = 0
[16:12:58.376] [bmv2] [T] [thread 2009] [28.0] [cxt 0] basic.p4(203) Condition "metadata.forMe == 0" (node_3) is true
[16:12:58.376] [bmv2] [T] [thread 2009] [28.0] [cxt 0] Applying table 'tbl_aDrop'
[16:12:58.376] [bmv2] [D] [thread 2009] [28.0] [cxt 0] Looking up key:

[16:12:58.376] [bmv2] [D] [thread 2009] [28.0] [cxt 0] Table 'tbl_aDrop': miss
[16:12:58.377] [bmv2] [D] [thread 2009] [28.0] [cxt 0] Action entry is cis553Ingress.aDrop - 
[16:12:58.377] [bmv2] [T] [thread 2009] [28.0] [cxt 0] Action cis553Ingress.aDrop
[16:12:58.377] [bmv2] [T] [thread 2009] [28.0] [cxt 0] basic.p4(146) Primitive mark_to_drop()
[16:12:58.382] [bmv2] [D] [thread 2009] [28.0] [cxt 0] Pipeline 'ingress': end
[16:12:58.383] [bmv2] [D] [thread 2009] [28.0] [cxt 0] Egress port is 511
[16:12:58.383] [bmv2] [D] [thread 2009] [28.0] [cxt 0] Dropping packet at the end of ingress
