Calling target program-options parser
[22:49:42.419] [bmv2] [D] [thread 21252] Set default default entry for table 'cis553Ingress.tiHandleEthernet': cis553Ingress.aiNotForMe - 
[22:49:42.419] [bmv2] [D] [thread 21252] Set default default entry for table 'tbl_aDrop': cis553Ingress.aDrop - 
[22:49:42.420] [bmv2] [D] [thread 21252] Set default default entry for table 'cis553Ingress.tiIpv4Lpm': NoAction - 
[22:49:42.420] [bmv2] [D] [thread 21252] Set default default entry for table 'cis553Ingress.tiArpResponse': NoAction - 
[22:49:42.420] [bmv2] [D] [thread 21252] Set default default entry for table 'tbl_aDrop_0': cis553Ingress.aDrop - 
Adding interface s3-eth1 as port 1
[22:49:42.422] [bmv2] [D] [thread 21252] Adding interface s3-eth1 as port 1
Adding interface s3-eth2 as port 2
[22:49:42.434] [bmv2] [D] [thread 21252] Adding interface s3-eth2 as port 2
Adding interface s3-eth3 as port 3
[22:49:42.448] [bmv2] [D] [thread 21252] Adding interface s3-eth3 as port 3
I0216 22:49:42.457309688   21252 server_builder.cc:247]      Synchronous server. Num CQs: 1, Min pollers: 1, Max Pollers: 2147483647, CQ timeout (msec): 1000
Server listening on 0.0.0.0:50053
[22:49:42.460] [bmv2] [W] [thread 21252] You used the '--thrift-port' command-line option, but this target was compiled without Thrift support. You can enable Thrift support (not recommended) by providing '--with-thrift' to configure.
[22:49:42.899] [bmv2] [D] [thread 21258] [0.0] [cxt 0] Processing packet received on port 1
[22:49:42.899] [bmv2] [D] [thread 21258] [0.0] [cxt 0] Parser 'parser': start
[22:49:42.900] [bmv2] [D] [thread 21258] [0.0] [cxt 0] Parser 'parser' entering state 'start'
[22:49:42.900] [bmv2] [D] [thread 21258] [0.0] [cxt 0] Extracting header 'ethernet'
[22:49:42.901] [bmv2] [D] [thread 21258] [0.0] [cxt 0] Parser state 'start': key is 86dd
[22:49:42.901] [bmv2] [T] [thread 21258] [0.0] [cxt 0] Bytes parsed: 14
[22:49:42.901] [bmv2] [T] [thread 21258] [0.0] [cxt 0] Skipping checksum 'cksum' verification because target field invalid
[22:49:42.902] [bmv2] [D] [thread 21258] [0.0] [cxt 0] Parser 'parser': end
[22:49:42.902] [bmv2] [D] [thread 21258] [0.0] [cxt 0] Pipeline 'ingress': start
[22:49:42.902] [bmv2] [T] [thread 21258] [0.0] [cxt 0] Applying table 'cis553Ingress.tiHandleEthernet'
[22:49:42.903] [bmv2] [D] [thread 21258] [0.0] [cxt 0] Looking up key:
* hdr.ethernet.dstAddr          : 333300000016
* standard_metadata.ingress_port: 0001

[22:49:42.903] [bmv2] [D] [thread 21258] [0.0] [cxt 0] Table 'cis553Ingress.tiHandleEthernet': miss
[22:49:42.906] [bmv2] [D] [thread 21258] [0.0] [cxt 0] Action entry is cis553Ingress.aiNotForMe - 
[22:49:42.909] [bmv2] [T] [thread 21258] [0.0] [cxt 0] Action cis553Ingress.aiNotForMe
[22:49:42.909] [bmv2] [T] [thread 21258] [0.0] [cxt 0] basic.p4(118) Primitive metadata.forMe = 0
[22:49:42.910] [bmv2] [T] [thread 21258] [0.0] [cxt 0] basic.p4(183) Condition "metadata.forMe == 0" (node_3) is true
[22:49:42.910] [bmv2] [T] [thread 21258] [0.0] [cxt 0] Applying table 'tbl_aDrop'
[22:49:42.910] [bmv2] [D] [thread 21258] [0.0] [cxt 0] Looking up key:

[22:49:42.911] [bmv2] [D] [thread 21258] [0.0] [cxt 0] Table 'tbl_aDrop': miss
[22:49:42.911] [bmv2] [D] [thread 21258] [0.0] [cxt 0] Action entry is cis553Ingress.aDrop - 
[22:49:42.911] [bmv2] [T] [thread 21258] [0.0] [cxt 0] Action cis553Ingress.aDrop
[22:49:42.916] [bmv2] [T] [thread 21258] [0.0] [cxt 0] basic.p4(135) Primitive mark_to_drop()
[22:49:42.918] [bmv2] [D] [thread 21258] [0.0] [cxt 0] Pipeline 'ingress': end
[22:49:42.918] [bmv2] [D] [thread 21258] [0.0] [cxt 0] Egress port is 511
[22:49:42.919] [bmv2] [D] [thread 21258] [0.0] [cxt 0] Dropping packet at the end of ingress
[22:49:42.919] [bmv2] [D] [thread 21258] [1.0] [cxt 0] Processing packet received on port 1
[22:49:42.919] [bmv2] [D] [thread 21258] [1.0] [cxt 0] Parser 'parser': start
[22:49:42.919] [bmv2] [D] [thread 21258] [1.0] [cxt 0] Parser 'parser' entering state 'start'
[22:49:42.919] [bmv2] [D] [thread 21258] [1.0] [cxt 0] Extracting header 'ethernet'
[22:49:42.919] [bmv2] [D] [thread 21258] [1.0] [cxt 0] Parser state 'start': key is 86dd
[22:49:42.919] [bmv2] [T] [thread 21258] [1.0] [cxt 0] Bytes parsed: 14
[22:49:42.919] [bmv2] [T] [thread 21258] [1.0] [cxt 0] Skipping checksum 'cksum' verification because target field invalid
[22:49:42.919] [bmv2] [D] [thread 21258] [1.0] [cxt 0] Parser 'parser': end
[22:49:42.920] [bmv2] [D] [thread 21258] [1.0] [cxt 0] Pipeline 'ingress': start
[22:49:42.920] [bmv2] [T] [thread 21258] [1.0] [cxt 0] Applying table 'cis553Ingress.tiHandleEthernet'
[22:49:42.920] [bmv2] [D] [thread 21258] [1.0] [cxt 0] Looking up key:
* hdr.ethernet.dstAddr          : 333300000002
* standard_metadata.ingress_port: 0001

[22:49:42.920] [bmv2] [D] [thread 21258] [1.0] [cxt 0] Table 'cis553Ingress.tiHandleEthernet': miss
[22:49:42.920] [bmv2] [D] [thread 21258] [1.0] [cxt 0] Action entry is cis553Ingress.aiNotForMe - 
[22:49:42.920] [bmv2] [T] [thread 21258] [1.0] [cxt 0] Action cis553Ingress.aiNotForMe
[22:49:42.921] [bmv2] [T] [thread 21258] [1.0] [cxt 0] basic.p4(118) Primitive metadata.forMe = 0
[22:49:42.921] [bmv2] [T] [thread 21258] [1.0] [cxt 0] basic.p4(183) Condition "metadata.forMe == 0" (node_3) is true
[22:49:42.921] [bmv2] [T] [thread 21258] [1.0] [cxt 0] Applying table 'tbl_aDrop'
[22:49:42.921] [bmv2] [D] [thread 21258] [1.0] [cxt 0] Looking up key:

[22:49:42.921] [bmv2] [D] [thread 21258] [1.0] [cxt 0] Table 'tbl_aDrop': miss
[22:49:42.921] [bmv2] [D] [thread 21258] [1.0] [cxt 0] Action entry is cis553Ingress.aDrop - 
[22:49:42.921] [bmv2] [T] [thread 21258] [1.0] [cxt 0] Action cis553Ingress.aDrop
[22:49:42.921] [bmv2] [T] [thread 21258] [1.0] [cxt 0] basic.p4(135) Primitive mark_to_drop()
[22:49:42.921] [bmv2] [D] [thread 21258] [1.0] [cxt 0] Pipeline 'ingress': end
[22:49:42.922] [bmv2] [D] [thread 21258] [1.0] [cxt 0] Egress port is 511
[22:49:42.922] [bmv2] [D] [thread 21258] [1.0] [cxt 0] Dropping packet at the end of ingress
[22:49:43.103] [bmv2] [D] [thread 21258] [2.0] [cxt 0] Processing packet received on port 2
[22:49:43.103] [bmv2] [D] [thread 21258] [2.0] [cxt 0] Parser 'parser': start
[22:49:43.103] [bmv2] [D] [thread 21258] [2.0] [cxt 0] Parser 'parser' entering state 'start'
[22:49:43.104] [bmv2] [D] [thread 21258] [2.0] [cxt 0] Extracting header 'ethernet'
[22:49:43.104] [bmv2] [D] [thread 21258] [2.0] [cxt 0] Parser state 'start': key is 86dd
[22:49:43.104] [bmv2] [T] [thread 21258] [2.0] [cxt 0] Bytes parsed: 14
[22:49:43.104] [bmv2] [T] [thread 21258] [2.0] [cxt 0] Skipping checksum 'cksum' verification because target field invalid
[22:49:43.104] [bmv2] [D] [thread 21258] [2.0] [cxt 0] Parser 'parser': end
[22:49:43.104] [bmv2] [D] [thread 21258] [2.0] [cxt 0] Pipeline 'ingress': start
[22:49:43.105] [bmv2] [T] [thread 21258] [2.0] [cxt 0] Applying table 'cis553Ingress.tiHandleEthernet'
[22:49:43.105] [bmv2] [D] [thread 21258] [2.0] [cxt 0] Looking up key:
* hdr.ethernet.dstAddr          : 333300000016
* standard_metadata.ingress_port: 0002

[22:49:43.106] [bmv2] [D] [thread 21258] [2.0] [cxt 0] Table 'cis553Ingress.tiHandleEthernet': miss
[22:49:43.107] [bmv2] [D] [thread 21258] [2.0] [cxt 0] Action entry is cis553Ingress.aiNotForMe - 
[22:49:43.107] [bmv2] [T] [thread 21258] [2.0] [cxt 0] Action cis553Ingress.aiNotForMe
[22:49:43.108] [bmv2] [T] [thread 21258] [2.0] [cxt 0] basic.p4(118) Primitive metadata.forMe = 0
[22:49:43.108] [bmv2] [T] [thread 21258] [2.0] [cxt 0] basic.p4(183) Condition "metadata.forMe == 0" (node_3) is true
[22:49:43.109] [bmv2] [T] [thread 21258] [2.0] [cxt 0] Applying table 'tbl_aDrop'
[22:49:43.109] [bmv2] [D] [thread 21258] [2.0] [cxt 0] Looking up key:

[22:49:43.111] [bmv2] [D] [thread 21258] [2.0] [cxt 0] Table 'tbl_aDrop': miss
[22:49:43.111] [bmv2] [D] [thread 21258] [2.0] [cxt 0] Action entry is cis553Ingress.aDrop - 
[22:49:43.113] [bmv2] [T] [thread 21258] [2.0] [cxt 0] Action cis553Ingress.aDrop
[22:49:43.113] [bmv2] [T] [thread 21258] [2.0] [cxt 0] basic.p4(135) Primitive mark_to_drop()
[22:49:43.113] [bmv2] [D] [thread 21258] [2.0] [cxt 0] Pipeline 'ingress': end
[22:49:43.113] [bmv2] [D] [thread 21258] [2.0] [cxt 0] Egress port is 511
[22:49:43.114] [bmv2] [D] [thread 21258] [2.0] [cxt 0] Dropping packet at the end of ingress
[22:49:43.114] [bmv2] [D] [thread 21258] [3.0] [cxt 0] Processing packet received on port 2
[22:49:43.114] [bmv2] [D] [thread 21258] [3.0] [cxt 0] Parser 'parser': start
[22:49:43.114] [bmv2] [D] [thread 21258] [3.0] [cxt 0] Parser 'parser' entering state 'start'
[22:49:43.114] [bmv2] [D] [thread 21258] [3.0] [cxt 0] Extracting header 'ethernet'
[22:49:43.114] [bmv2] [D] [thread 21258] [3.0] [cxt 0] Parser state 'start': key is 86dd
[22:49:43.114] [bmv2] [T] [thread 21258] [3.0] [cxt 0] Bytes parsed: 14
[22:49:43.114] [bmv2] [T] [thread 21258] [3.0] [cxt 0] Skipping checksum 'cksum' verification because target field invalid
[22:49:43.114] [bmv2] [D] [thread 21258] [3.0] [cxt 0] Parser 'parser': end
[22:49:43.114] [bmv2] [D] [thread 21258] [3.0] [cxt 0] Pipeline 'ingress': start
[22:49:43.114] [bmv2] [T] [thread 21258] [3.0] [cxt 0] Applying table 'cis553Ingress.tiHandleEthernet'
[22:49:43.114] [bmv2] [D] [thread 21258] [3.0] [cxt 0] Looking up key:
* hdr.ethernet.dstAddr          : 333300000002
* standard_metadata.ingress_port: 0002

[22:49:43.114] [bmv2] [D] [thread 21258] [3.0] [cxt 0] Table 'cis553Ingress.tiHandleEthernet': miss
[22:49:43.115] [bmv2] [D] [thread 21258] [3.0] [cxt 0] Action entry is cis553Ingress.aiNotForMe - 
[22:49:43.115] [bmv2] [T] [thread 21258] [3.0] [cxt 0] Action cis553Ingress.aiNotForMe
[22:49:43.115] [bmv2] [T] [thread 21258] [3.0] [cxt 0] basic.p4(118) Primitive metadata.forMe = 0
[22:49:43.115] [bmv2] [T] [thread 21258] [3.0] [cxt 0] basic.p4(183) Condition "metadata.forMe == 0" (node_3) is true
[22:49:43.115] [bmv2] [T] [thread 21258] [3.0] [cxt 0] Applying table 'tbl_aDrop'
[22:49:43.115] [bmv2] [D] [thread 21258] [3.0] [cxt 0] Looking up key:

[22:49:43.115] [bmv2] [D] [thread 21258] [3.0] [cxt 0] Table 'tbl_aDrop': miss
[22:49:43.115] [bmv2] [D] [thread 21258] [3.0] [cxt 0] Action entry is cis553Ingress.aDrop - 
[22:49:43.115] [bmv2] [T] [thread 21258] [3.0] [cxt 0] Action cis553Ingress.aDrop
[22:49:43.115] [bmv2] [T] [thread 21258] [3.0] [cxt 0] basic.p4(135) Primitive mark_to_drop()
[22:49:43.115] [bmv2] [D] [thread 21258] [3.0] [cxt 0] Pipeline 'ingress': end
[22:49:43.115] [bmv2] [D] [thread 21258] [3.0] [cxt 0] Egress port is 511
[22:49:43.115] [bmv2] [D] [thread 21258] [3.0] [cxt 0] Dropping packet at the end of ingress
[22:49:43.115] [bmv2] [D] [thread 21258] [4.0] [cxt 0] Processing packet received on port 3
[22:49:43.116] [bmv2] [D] [thread 21258] [4.0] [cxt 0] Parser 'parser': start
[22:49:43.116] [bmv2] [D] [thread 21258] [4.0] [cxt 0] Parser 'parser' entering state 'start'
[22:49:43.116] [bmv2] [D] [thread 21258] [4.0] [cxt 0] Extracting header 'ethernet'
[22:49:43.116] [bmv2] [D] [thread 21258] [4.0] [cxt 0] Parser state 'start': key is 86dd
[22:49:43.116] [bmv2] [T] [thread 21258] [4.0] [cxt 0] Bytes parsed: 14
[22:49:43.116] [bmv2] [T] [thread 21258] [4.0] [cxt 0] Skipping checksum 'cksum' verification because target field invalid
[22:49:43.116] [bmv2] [D] [thread 21258] [4.0] [cxt 0] Parser 'parser': end
[22:49:43.116] [bmv2] [D] [thread 21258] [4.0] [cxt 0] Pipeline 'ingress': start
[22:49:43.116] [bmv2] [T] [thread 21258] [4.0] [cxt 0] Applying table 'cis553Ingress.tiHandleEthernet'
[22:49:43.116] [bmv2] [D] [thread 21258] [4.0] [cxt 0] Looking up key:
* hdr.ethernet.dstAddr          : 333300000016
* standard_metadata.ingress_port: 0003

[22:49:43.116] [bmv2] [D] [thread 21258] [4.0] [cxt 0] Table 'cis553Ingress.tiHandleEthernet': miss
[22:49:43.116] [bmv2] [D] [thread 21258] [4.0] [cxt 0] Action entry is cis553Ingress.aiNotForMe - 
[22:49:43.116] [bmv2] [T] [thread 21258] [4.0] [cxt 0] Action cis553Ingress.aiNotForMe
[22:49:43.117] [bmv2] [T] [thread 21258] [4.0] [cxt 0] basic.p4(118) Primitive metadata.forMe = 0
[22:49:43.117] [bmv2] [T] [thread 21258] [4.0] [cxt 0] basic.p4(183) Condition "metadata.forMe == 0" (node_3) is true
[22:49:43.117] [bmv2] [T] [thread 21258] [4.0] [cxt 0] Applying table 'tbl_aDrop'
[22:49:43.118] [bmv2] [D] [thread 21258] [4.0] [cxt 0] Looking up key:

[22:49:43.119] [bmv2] [D] [thread 21258] [4.0] [cxt 0] Table 'tbl_aDrop': miss
[22:49:43.119] [bmv2] [D] [thread 21258] [4.0] [cxt 0] Action entry is cis553Ingress.aDrop - 
[22:49:43.119] [bmv2] [T] [thread 21258] [4.0] [cxt 0] Action cis553Ingress.aDrop
[22:49:43.119] [bmv2] [T] [thread 21258] [4.0] [cxt 0] basic.p4(135) Primitive mark_to_drop()
[22:49:43.119] [bmv2] [D] [thread 21258] [4.0] [cxt 0] Pipeline 'ingress': end
[22:49:43.119] [bmv2] [D] [thread 21258] [4.0] [cxt 0] Egress port is 511
[22:49:43.119] [bmv2] [D] [thread 21258] [4.0] [cxt 0] Dropping packet at the end of ingress
[22:49:43.119] [bmv2] [D] [thread 21258] [5.0] [cxt 0] Processing packet received on port 3
[22:49:43.119] [bmv2] [D] [thread 21258] [5.0] [cxt 0] Parser 'parser': start
[22:49:43.120] [bmv2] [D] [thread 21258] [5.0] [cxt 0] Parser 'parser' entering state 'start'
[22:49:43.120] [bmv2] [D] [thread 21258] [5.0] [cxt 0] Extracting header 'ethernet'
[22:49:43.120] [bmv2] [D] [thread 21258] [5.0] [cxt 0] Parser state 'start': key is 86dd
[22:49:43.120] [bmv2] [T] [thread 21258] [5.0] [cxt 0] Bytes parsed: 14
[22:49:43.120] [bmv2] [T] [thread 21258] [5.0] [cxt 0] Skipping checksum 'cksum' verification because target field invalid
[22:49:43.120] [bmv2] [D] [thread 21258] [5.0] [cxt 0] Parser 'parser': end
[22:49:43.120] [bmv2] [D] [thread 21258] [5.0] [cxt 0] Pipeline 'ingress': start
[22:49:43.120] [bmv2] [T] [thread 21258] [5.0] [cxt 0] Applying table 'cis553Ingress.tiHandleEthernet'
[22:49:43.120] [bmv2] [D] [thread 21258] [5.0] [cxt 0] Looking up key:
* hdr.ethernet.dstAddr          : 333300000002
* standard_metadata.ingress_port: 0003

[22:49:43.120] [bmv2] [D] [thread 21258] [5.0] [cxt 0] Table 'cis553Ingress.tiHandleEthernet': miss
[22:49:43.120] [bmv2] [D] [thread 21258] [5.0] [cxt 0] Action entry is cis553Ingress.aiNotForMe - 
[22:49:43.120] [bmv2] [T] [thread 21258] [5.0] [cxt 0] Action cis553Ingress.aiNotForMe
[22:49:43.120] [bmv2] [T] [thread 21258] [5.0] [cxt 0] basic.p4(118) Primitive metadata.forMe = 0
[22:49:43.120] [bmv2] [T] [thread 21258] [5.0] [cxt 0] basic.p4(183) Condition "metadata.forMe == 0" (node_3) is true
[22:49:43.121] [bmv2] [T] [thread 21258] [5.0] [cxt 0] Applying table 'tbl_aDrop'
[22:49:43.121] [bmv2] [D] [thread 21258] [5.0] [cxt 0] Looking up key:

[22:49:43.121] [bmv2] [D] [thread 21258] [5.0] [cxt 0] Table 'tbl_aDrop': miss
[22:49:43.121] [bmv2] [D] [thread 21258] [5.0] [cxt 0] Action entry is cis553Ingress.aDrop - 
[22:49:43.121] [bmv2] [T] [thread 21258] [5.0] [cxt 0] Action cis553Ingress.aDrop
[22:49:43.121] [bmv2] [T] [thread 21258] [5.0] [cxt 0] basic.p4(135) Primitive mark_to_drop()
[22:49:43.121] [bmv2] [D] [thread 21258] [5.0] [cxt 0] Pipeline 'ingress': end
[22:49:43.121] [bmv2] [D] [thread 21258] [5.0] [cxt 0] Egress port is 511
[22:49:43.121] [bmv2] [D] [thread 21258] [5.0] [cxt 0] Dropping packet at the end of ingress
[22:49:43.175] [bmv2] [D] [thread 21258] [6.0] [cxt 0] Processing packet received on port 3
[22:49:43.175] [bmv2] [D] [thread 21258] [6.0] [cxt 0] Parser 'parser': start
[22:49:43.175] [bmv2] [D] [thread 21258] [6.0] [cxt 0] Parser 'parser' entering state 'start'
[22:49:43.176] [bmv2] [D] [thread 21258] [6.0] [cxt 0] Extracting header 'ethernet'
[22:49:43.176] [bmv2] [D] [thread 21258] [6.0] [cxt 0] Parser state 'start': key is 86dd
[22:49:43.176] [bmv2] [T] [thread 21258] [6.0] [cxt 0] Bytes parsed: 14
[22:49:43.176] [bmv2] [T] [thread 21258] [6.0] [cxt 0] Skipping checksum 'cksum' verification because target field invalid
[22:49:43.176] [bmv2] [D] [thread 21258] [6.0] [cxt 0] Parser 'parser': end
[22:49:43.177] [bmv2] [D] [thread 21258] [6.0] [cxt 0] Pipeline 'ingress': start
[22:49:43.177] [bmv2] [T] [thread 21258] [6.0] [cxt 0] Applying table 'cis553Ingress.tiHandleEthernet'
[22:49:43.177] [bmv2] [D] [thread 21258] [6.0] [cxt 0] Looking up key:
* hdr.ethernet.dstAddr          : 333300000016
* standard_metadata.ingress_port: 0003

[22:49:43.178] [bmv2] [D] [thread 21258] [6.0] [cxt 0] Table 'cis553Ingress.tiHandleEthernet': miss
[22:49:43.178] [bmv2] [D] [thread 21258] [6.0] [cxt 0] Action entry is cis553Ingress.aiNotForMe - 
[22:49:43.178] [bmv2] [T] [thread 21258] [6.0] [cxt 0] Action cis553Ingress.aiNotForMe
[22:49:43.179] [bmv2] [T] [thread 21258] [6.0] [cxt 0] basic.p4(118) Primitive metadata.forMe = 0
[22:49:43.179] [bmv2] [T] [thread 21258] [6.0] [cxt 0] basic.p4(183) Condition "metadata.forMe == 0" (node_3) is true
[22:49:43.180] [bmv2] [T] [thread 21258] [6.0] [cxt 0] Applying table 'tbl_aDrop'
[22:49:43.180] [bmv2] [D] [thread 21258] [6.0] [cxt 0] Looking up key:

[22:49:43.185] [bmv2] [D] [thread 21258] [6.0] [cxt 0] Table 'tbl_aDrop': miss
[22:49:43.186] [bmv2] [D] [thread 21258] [6.0] [cxt 0] Action entry is cis553Ingress.aDrop - 
[22:49:43.186] [bmv2] [T] [thread 21258] [6.0] [cxt 0] Action cis553Ingress.aDrop
[22:49:43.186] [bmv2] [T] [thread 21258] [6.0] [cxt 0] basic.p4(135) Primitive mark_to_drop()
[22:49:43.186] [bmv2] [D] [thread 21258] [6.0] [cxt 0] Pipeline 'ingress': end
[22:49:43.186] [bmv2] [D] [thread 21258] [6.0] [cxt 0] Egress port is 511
[22:49:43.186] [bmv2] [D] [thread 21258] [6.0] [cxt 0] Dropping packet at the end of ingress
[22:49:43.186] [bmv2] [D] [thread 21258] [7.0] [cxt 0] Processing packet received on port 3
[22:49:43.186] [bmv2] [D] [thread 21258] [7.0] [cxt 0] Parser 'parser': start
[22:49:43.186] [bmv2] [D] [thread 21258] [7.0] [cxt 0] Parser 'parser' entering state 'start'
[22:49:43.186] [bmv2] [D] [thread 21258] [7.0] [cxt 0] Extracting header 'ethernet'
[22:49:43.186] [bmv2] [D] [thread 21258] [7.0] [cxt 0] Parser state 'start': key is 86dd
[22:49:43.186] [bmv2] [T] [thread 21258] [7.0] [cxt 0] Bytes parsed: 14
[22:49:43.186] [bmv2] [T] [thread 21258] [7.0] [cxt 0] Skipping checksum 'cksum' verification because target field invalid
[22:49:43.186] [bmv2] [D] [thread 21258] [7.0] [cxt 0] Parser 'parser': end
[22:49:43.187] [bmv2] [D] [thread 21258] [7.0] [cxt 0] Pipeline 'ingress': start
[22:49:43.187] [bmv2] [T] [thread 21258] [7.0] [cxt 0] Applying table 'cis553Ingress.tiHandleEthernet'
[22:49:43.187] [bmv2] [D] [thread 21258] [7.0] [cxt 0] Looking up key:
* hdr.ethernet.dstAddr          : 333300000002
* standard_metadata.ingress_port: 0003

[22:49:43.187] [bmv2] [D] [thread 21258] [7.0] [cxt 0] Table 'cis553Ingress.tiHandleEthernet': miss
[22:49:43.187] [bmv2] [D] [thread 21258] [7.0] [cxt 0] Action entry is cis553Ingress.aiNotForMe - 
[22:49:43.187] [bmv2] [T] [thread 21258] [7.0] [cxt 0] Action cis553Ingress.aiNotForMe
[22:49:43.187] [bmv2] [T] [thread 21258] [7.0] [cxt 0] basic.p4(118) Primitive metadata.forMe = 0
[22:49:43.187] [bmv2] [T] [thread 21258] [7.0] [cxt 0] basic.p4(183) Condition "metadata.forMe == 0" (node_3) is true
[22:49:43.187] [bmv2] [T] [thread 21258] [7.0] [cxt 0] Applying table 'tbl_aDrop'
[22:49:43.187] [bmv2] [D] [thread 21258] [7.0] [cxt 0] Looking up key:

[22:49:43.187] [bmv2] [D] [thread 21258] [7.0] [cxt 0] Table 'tbl_aDrop': miss
[22:49:43.188] [bmv2] [D] [thread 21258] [7.0] [cxt 0] Action entry is cis553Ingress.aDrop - 
[22:49:43.190] [bmv2] [T] [thread 21258] [7.0] [cxt 0] Action cis553Ingress.aDrop
[22:49:43.190] [bmv2] [T] [thread 21258] [7.0] [cxt 0] basic.p4(135) Primitive mark_to_drop()
[22:49:43.190] [bmv2] [D] [thread 21258] [7.0] [cxt 0] Pipeline 'ingress': end
[22:49:43.190] [bmv2] [D] [thread 21258] [7.0] [cxt 0] Egress port is 511
[22:49:43.190] [bmv2] [D] [thread 21258] [7.0] [cxt 0] Dropping packet at the end of ingress
[22:49:43.190] [bmv2] [D] [thread 21258] [8.0] [cxt 0] Processing packet received on port 2
[22:49:43.191] [bmv2] [D] [thread 21258] [8.0] [cxt 0] Parser 'parser': start
[22:49:43.191] [bmv2] [D] [thread 21258] [8.0] [cxt 0] Parser 'parser' entering state 'start'
[22:49:43.191] [bmv2] [D] [thread 21258] [8.0] [cxt 0] Extracting header 'ethernet'
[22:49:43.191] [bmv2] [D] [thread 21258] [8.0] [cxt 0] Parser state 'start': key is 86dd
[22:49:43.191] [bmv2] [T] [thread 21258] [8.0] [cxt 0] Bytes parsed: 14
[22:49:43.191] [bmv2] [T] [thread 21258] [8.0] [cxt 0] Skipping checksum 'cksum' verification because target field invalid
[22:49:43.191] [bmv2] [D] [thread 21258] [8.0] [cxt 0] Parser 'parser': end
[22:49:43.191] [bmv2] [D] [thread 21258] [8.0] [cxt 0] Pipeline 'ingress': start
[22:49:43.191] [bmv2] [T] [thread 21258] [8.0] [cxt 0] Applying table 'cis553Ingress.tiHandleEthernet'
[22:49:43.191] [bmv2] [D] [thread 21258] [8.0] [cxt 0] Looking up key:
* hdr.ethernet.dstAddr          : 333300000016
* standard_metadata.ingress_port: 0002

[22:49:43.191] [bmv2] [D] [thread 21258] [8.0] [cxt 0] Table 'cis553Ingress.tiHandleEthernet': miss
[22:49:43.192] [bmv2] [D] [thread 21258] [8.0] [cxt 0] Action entry is cis553Ingress.aiNotForMe - 
[22:49:43.192] [bmv2] [T] [thread 21258] [8.0] [cxt 0] Action cis553Ingress.aiNotForMe
[22:49:43.192] [bmv2] [T] [thread 21258] [8.0] [cxt 0] basic.p4(118) Primitive metadata.forMe = 0
[22:49:43.192] [bmv2] [T] [thread 21258] [8.0] [cxt 0] basic.p4(183) Condition "metadata.forMe == 0" (node_3) is true
[22:49:43.192] [bmv2] [T] [thread 21258] [8.0] [cxt 0] Applying table 'tbl_aDrop'
[22:49:43.192] [bmv2] [D] [thread 21258] [8.0] [cxt 0] Looking up key:

[22:49:43.192] [bmv2] [D] [thread 21258] [8.0] [cxt 0] Table 'tbl_aDrop': miss
[22:49:43.192] [bmv2] [D] [thread 21258] [8.0] [cxt 0] Action entry is cis553Ingress.aDrop - 
[22:49:43.192] [bmv2] [T] [thread 21258] [8.0] [cxt 0] Action cis553Ingress.aDrop
[22:49:43.192] [bmv2] [T] [thread 21258] [8.0] [cxt 0] basic.p4(135) Primitive mark_to_drop()
[22:49:43.192] [bmv2] [D] [thread 21258] [8.0] [cxt 0] Pipeline 'ingress': end
[22:49:43.193] [bmv2] [D] [thread 21258] [8.0] [cxt 0] Egress port is 511
[22:49:43.193] [bmv2] [D] [thread 21258] [8.0] [cxt 0] Dropping packet at the end of ingress
[22:49:43.193] [bmv2] [D] [thread 21258] [9.0] [cxt 0] Processing packet received on port 2
[22:49:43.193] [bmv2] [D] [thread 21258] [9.0] [cxt 0] Parser 'parser': start
[22:49:43.193] [bmv2] [D] [thread 21258] [9.0] [cxt 0] Parser 'parser' entering state 'start'
[22:49:43.193] [bmv2] [D] [thread 21258] [9.0] [cxt 0] Extracting header 'ethernet'
[22:49:43.193] [bmv2] [D] [thread 21258] [9.0] [cxt 0] Parser state 'start': key is 86dd
[22:49:43.193] [bmv2] [T] [thread 21258] [9.0] [cxt 0] Bytes parsed: 14
[22:49:43.193] [bmv2] [T] [thread 21258] [9.0] [cxt 0] Skipping checksum 'cksum' verification because target field invalid
[22:49:43.193] [bmv2] [D] [thread 21258] [9.0] [cxt 0] Parser 'parser': end
[22:49:43.193] [bmv2] [D] [thread 21258] [9.0] [cxt 0] Pipeline 'ingress': start
[22:49:43.193] [bmv2] [T] [thread 21258] [9.0] [cxt 0] Applying table 'cis553Ingress.tiHandleEthernet'
[22:49:43.194] [bmv2] [D] [thread 21258] [9.0] [cxt 0] Looking up key:
* hdr.ethernet.dstAddr          : 333300000002
* standard_metadata.ingress_port: 0002

[22:49:43.194] [bmv2] [D] [thread 21258] [9.0] [cxt 0] Table 'cis553Ingress.tiHandleEthernet': miss
[22:49:43.194] [bmv2] [D] [thread 21258] [9.0] [cxt 0] Action entry is cis553Ingress.aiNotForMe - 
[22:49:43.194] [bmv2] [T] [thread 21258] [9.0] [cxt 0] Action cis553Ingress.aiNotForMe
[22:49:43.194] [bmv2] [T] [thread 21258] [9.0] [cxt 0] basic.p4(118) Primitive metadata.forMe = 0
[22:49:43.194] [bmv2] [T] [thread 21258] [9.0] [cxt 0] basic.p4(183) Condition "metadata.forMe == 0" (node_3) is true
[22:49:43.194] [bmv2] [T] [thread 21258] [9.0] [cxt 0] Applying table 'tbl_aDrop'
[22:49:43.194] [bmv2] [D] [thread 21258] [9.0] [cxt 0] Looking up key:

[22:49:43.194] [bmv2] [D] [thread 21258] [9.0] [cxt 0] Table 'tbl_aDrop': miss
[22:49:43.194] [bmv2] [D] [thread 21258] [9.0] [cxt 0] Action entry is cis553Ingress.aDrop - 
[22:49:43.194] [bmv2] [T] [thread 21258] [9.0] [cxt 0] Action cis553Ingress.aDrop
[22:49:43.194] [bmv2] [T] [thread 21258] [9.0] [cxt 0] basic.p4(135) Primitive mark_to_drop()
[22:49:43.195] [bmv2] [D] [thread 21258] [9.0] [cxt 0] Pipeline 'ingress': end
[22:49:43.195] [bmv2] [D] [thread 21258] [9.0] [cxt 0] Egress port is 511
[22:49:43.195] [bmv2] [D] [thread 21258] [9.0] [cxt 0] Dropping packet at the end of ingress
[22:49:43.238] [bmv2] [D] [thread 21258] [10.0] [cxt 0] Processing packet received on port 1
[22:49:43.238] [bmv2] [D] [thread 21258] [10.0] [cxt 0] Parser 'parser': start
[22:49:43.238] [bmv2] [D] [thread 21258] [10.0] [cxt 0] Parser 'parser' entering state 'start'
[22:49:43.239] [bmv2] [D] [thread 21258] [10.0] [cxt 0] Extracting header 'ethernet'
[22:49:43.239] [bmv2] [D] [thread 21258] [10.0] [cxt 0] Parser state 'start': key is 86dd
[22:49:43.239] [bmv2] [T] [thread 21258] [10.0] [cxt 0] Bytes parsed: 14
[22:49:43.240] [bmv2] [T] [thread 21258] [10.0] [cxt 0] Skipping checksum 'cksum' verification because target field invalid
[22:49:43.240] [bmv2] [D] [thread 21258] [10.0] [cxt 0] Parser 'parser': end
[22:49:43.240] [bmv2] [D] [thread 21258] [10.0] [cxt 0] Pipeline 'ingress': start
[22:49:43.241] [bmv2] [T] [thread 21258] [10.0] [cxt 0] Applying table 'cis553Ingress.tiHandleEthernet'
[22:49:43.241] [bmv2] [D] [thread 21258] [10.0] [cxt 0] Looking up key:
* hdr.ethernet.dstAddr          : 333300000016
* standard_metadata.ingress_port: 0001

[22:49:43.241] [bmv2] [D] [thread 21258] [10.0] [cxt 0] Table 'cis553Ingress.tiHandleEthernet': miss
[22:49:43.242] [bmv2] [D] [thread 21258] [10.0] [cxt 0] Action entry is cis553Ingress.aiNotForMe - 
[22:49:43.242] [bmv2] [T] [thread 21258] [10.0] [cxt 0] Action cis553Ingress.aiNotForMe
[22:49:43.243] [bmv2] [T] [thread 21258] [10.0] [cxt 0] basic.p4(118) Primitive metadata.forMe = 0
[22:49:43.243] [bmv2] [T] [thread 21258] [10.0] [cxt 0] basic.p4(183) Condition "metadata.forMe == 0" (node_3) is true
[22:49:43.243] [bmv2] [T] [thread 21258] [10.0] [cxt 0] Applying table 'tbl_aDrop'
[22:49:43.243] [bmv2] [D] [thread 21258] [10.0] [cxt 0] Looking up key:

[22:49:43.244] [bmv2] [D] [thread 21258] [10.0] [cxt 0] Table 'tbl_aDrop': miss
[22:49:43.244] [bmv2] [D] [thread 21258] [10.0] [cxt 0] Action entry is cis553Ingress.aDrop - 
[22:49:43.244] [bmv2] [T] [thread 21258] [10.0] [cxt 0] Action cis553Ingress.aDrop
[22:49:43.244] [bmv2] [T] [thread 21258] [10.0] [cxt 0] basic.p4(135) Primitive mark_to_drop()
[22:49:43.245] [bmv2] [D] [thread 21258] [10.0] [cxt 0] Pipeline 'ingress': end
[22:49:43.245] [bmv2] [D] [thread 21258] [10.0] [cxt 0] Egress port is 511
[22:49:43.245] [bmv2] [D] [thread 21258] [10.0] [cxt 0] Dropping packet at the end of ingress
[22:49:43.494] [bmv2] [D] [thread 21258] [11.0] [cxt 0] Processing packet received on port 2
[22:49:43.494] [bmv2] [D] [thread 21258] [11.0] [cxt 0] Parser 'parser': start
[22:49:43.494] [bmv2] [D] [thread 21258] [11.0] [cxt 0] Parser 'parser' entering state 'start'
[22:49:43.495] [bmv2] [D] [thread 21258] [11.0] [cxt 0] Extracting header 'ethernet'
[22:49:43.495] [bmv2] [D] [thread 21258] [11.0] [cxt 0] Parser state 'start': key is 86dd
[22:49:43.495] [bmv2] [T] [thread 21258] [11.0] [cxt 0] Bytes parsed: 14
[22:49:43.495] [bmv2] [T] [thread 21258] [11.0] [cxt 0] Skipping checksum 'cksum' verification because target field invalid
[22:49:43.495] [bmv2] [D] [thread 21258] [11.0] [cxt 0] Parser 'parser': end
[22:49:43.496] [bmv2] [D] [thread 21258] [11.0] [cxt 0] Pipeline 'ingress': start
[22:49:43.496] [bmv2] [T] [thread 21258] [11.0] [cxt 0] Applying table 'cis553Ingress.tiHandleEthernet'
[22:49:43.496] [bmv2] [D] [thread 21258] [11.0] [cxt 0] Looking up key:
* hdr.ethernet.dstAddr          : 333300000016
* standard_metadata.ingress_port: 0002

[22:49:43.497] [bmv2] [D] [thread 21258] [11.0] [cxt 0] Table 'cis553Ingress.tiHandleEthernet': miss
[22:49:43.497] [bmv2] [D] [thread 21258] [11.0] [cxt 0] Action entry is cis553Ingress.aiNotForMe - 
[22:49:43.497] [bmv2] [T] [thread 21258] [11.0] [cxt 0] Action cis553Ingress.aiNotForMe
[22:49:43.497] [bmv2] [T] [thread 21258] [11.0] [cxt 0] basic.p4(118) Primitive metadata.forMe = 0
[22:49:43.498] [bmv2] [T] [thread 21258] [11.0] [cxt 0] basic.p4(183) Condition "metadata.forMe == 0" (node_3) is true
[22:49:43.498] [bmv2] [T] [thread 21258] [11.0] [cxt 0] Applying table 'tbl_aDrop'
[22:49:43.498] [bmv2] [D] [thread 21258] [11.0] [cxt 0] Looking up key:

[22:49:43.498] [bmv2] [D] [thread 21258] [11.0] [cxt 0] Table 'tbl_aDrop': miss
[22:49:43.499] [bmv2] [D] [thread 21258] [11.0] [cxt 0] Action entry is cis553Ingress.aDrop - 
[22:49:43.499] [bmv2] [T] [thread 21258] [11.0] [cxt 0] Action cis553Ingress.aDrop
[22:49:43.499] [bmv2] [T] [thread 21258] [11.0] [cxt 0] basic.p4(135) Primitive mark_to_drop()
[22:49:43.499] [bmv2] [D] [thread 21258] [11.0] [cxt 0] Pipeline 'ingress': end
[22:49:43.499] [bmv2] [D] [thread 21258] [11.0] [cxt 0] Egress port is 511
[22:49:43.499] [bmv2] [D] [thread 21258] [11.0] [cxt 0] Dropping packet at the end of ingress
[22:49:43.825] [bmv2] [D] [thread 21258] [12.0] [cxt 0] Processing packet received on port 2
[22:49:43.826] [bmv2] [D] [thread 21258] [12.0] [cxt 0] Parser 'parser': start
[22:49:43.826] [bmv2] [D] [thread 21258] [12.0] [cxt 0] Parser 'parser' entering state 'start'
[22:49:43.827] [bmv2] [D] [thread 21258] [12.0] [cxt 0] Extracting header 'ethernet'
[22:49:43.827] [bmv2] [D] [thread 21258] [12.0] [cxt 0] Parser state 'start': key is 86dd
[22:49:43.827] [bmv2] [T] [thread 21258] [12.0] [cxt 0] Bytes parsed: 14
[22:49:43.827] [bmv2] [T] [thread 21258] [12.0] [cxt 0] Skipping checksum 'cksum' verification because target field invalid
[22:49:43.827] [bmv2] [D] [thread 21258] [12.0] [cxt 0] Parser 'parser': end
[22:49:43.828] [bmv2] [D] [thread 21258] [12.0] [cxt 0] Pipeline 'ingress': start
[22:49:43.828] [bmv2] [T] [thread 21258] [12.0] [cxt 0] Applying table 'cis553Ingress.tiHandleEthernet'
[22:49:43.828] [bmv2] [D] [thread 21258] [12.0] [cxt 0] Looking up key:
* hdr.ethernet.dstAddr          : 333300000016
* standard_metadata.ingress_port: 0002

[22:49:43.828] [bmv2] [D] [thread 21258] [12.0] [cxt 0] Table 'cis553Ingress.tiHandleEthernet': miss
[22:49:43.829] [bmv2] [D] [thread 21258] [12.0] [cxt 0] Action entry is cis553Ingress.aiNotForMe - 
[22:49:43.829] [bmv2] [T] [thread 21258] [12.0] [cxt 0] Action cis553Ingress.aiNotForMe
[22:49:43.829] [bmv2] [T] [thread 21258] [12.0] [cxt 0] basic.p4(118) Primitive metadata.forMe = 0
[22:49:43.829] [bmv2] [T] [thread 21258] [12.0] [cxt 0] basic.p4(183) Condition "metadata.forMe == 0" (node_3) is true
[22:49:43.830] [bmv2] [T] [thread 21258] [12.0] [cxt 0] Applying table 'tbl_aDrop'
[22:49:43.830] [bmv2] [D] [thread 21258] [12.0] [cxt 0] Looking up key:

[22:49:43.830] [bmv2] [D] [thread 21258] [12.0] [cxt 0] Table 'tbl_aDrop': miss
[22:49:43.831] [bmv2] [D] [thread 21258] [12.0] [cxt 0] Action entry is cis553Ingress.aDrop - 
[22:49:43.831] [bmv2] [T] [thread 21258] [12.0] [cxt 0] Action cis553Ingress.aDrop
[22:49:43.831] [bmv2] [T] [thread 21258] [12.0] [cxt 0] basic.p4(135) Primitive mark_to_drop()
[22:49:43.831] [bmv2] [D] [thread 21258] [12.0] [cxt 0] Pipeline 'ingress': end
[22:49:43.831] [bmv2] [D] [thread 21258] [12.0] [cxt 0] Egress port is 511
[22:49:43.832] [bmv2] [D] [thread 21258] [12.0] [cxt 0] Dropping packet at the end of ingress
[22:49:43.833] [bmv2] [D] [thread 21258] [13.0] [cxt 0] Processing packet received on port 3
[22:49:43.834] [bmv2] [D] [thread 21258] [13.0] [cxt 0] Parser 'parser': start
[22:49:43.834] [bmv2] [D] [thread 21258] [13.0] [cxt 0] Parser 'parser' entering state 'start'
[22:49:43.834] [bmv2] [D] [thread 21258] [13.0] [cxt 0] Extracting header 'ethernet'
[22:49:43.834] [bmv2] [D] [thread 21258] [13.0] [cxt 0] Parser state 'start': key is 86dd
[22:49:43.835] [bmv2] [T] [thread 21258] [13.0] [cxt 0] Bytes parsed: 14
[22:49:43.835] [bmv2] [T] [thread 21258] [13.0] [cxt 0] Skipping checksum 'cksum' verification because target field invalid
[22:49:43.835] [bmv2] [D] [thread 21258] [13.0] [cxt 0] Parser 'parser': end
[22:49:43.835] [bmv2] [D] [thread 21258] [13.0] [cxt 0] Pipeline 'ingress': start
[22:49:43.836] [bmv2] [T] [thread 21258] [13.0] [cxt 0] Applying table 'cis553Ingress.tiHandleEthernet'
[22:49:43.836] [bmv2] [D] [thread 21258] [13.0] [cxt 0] Looking up key:
* hdr.ethernet.dstAddr          : 333300000016
* standard_metadata.ingress_port: 0003

[22:49:43.836] [bmv2] [D] [thread 21258] [13.0] [cxt 0] Table 'cis553Ingress.tiHandleEthernet': miss
[22:49:43.837] [bmv2] [D] [thread 21258] [13.0] [cxt 0] Action entry is cis553Ingress.aiNotForMe - 
[22:49:43.837] [bmv2] [T] [thread 21258] [13.0] [cxt 0] Action cis553Ingress.aiNotForMe
[22:49:43.838] [bmv2] [T] [thread 21258] [13.0] [cxt 0] basic.p4(118) Primitive metadata.forMe = 0
[22:49:43.838] [bmv2] [T] [thread 21258] [13.0] [cxt 0] basic.p4(183) Condition "metadata.forMe == 0" (node_3) is true
[22:49:43.838] [bmv2] [T] [thread 21258] [13.0] [cxt 0] Applying table 'tbl_aDrop'
[22:49:43.838] [bmv2] [D] [thread 21258] [13.0] [cxt 0] Looking up key:

[22:49:43.838] [bmv2] [D] [thread 21258] [13.0] [cxt 0] Table 'tbl_aDrop': miss
[22:49:43.838] [bmv2] [D] [thread 21258] [13.0] [cxt 0] Action entry is cis553Ingress.aDrop - 
[22:49:43.838] [bmv2] [T] [thread 21258] [13.0] [cxt 0] Action cis553Ingress.aDrop
[22:49:43.838] [bmv2] [T] [thread 21258] [13.0] [cxt 0] basic.p4(135) Primitive mark_to_drop()
[22:49:43.839] [bmv2] [D] [thread 21258] [13.0] [cxt 0] Pipeline 'ingress': end
[22:49:43.839] [bmv2] [D] [thread 21258] [13.0] [cxt 0] Egress port is 511
[22:49:43.839] [bmv2] [D] [thread 21258] [13.0] [cxt 0] Dropping packet at the end of ingress
[22:49:43.933] [bmv2] [D] [thread 21258] [14.0] [cxt 0] Processing packet received on port 3
[22:49:43.934] [bmv2] [D] [thread 21258] [14.0] [cxt 0] Parser 'parser': start
[22:49:43.934] [bmv2] [D] [thread 21258] [14.0] [cxt 0] Parser 'parser' entering state 'start'
[22:49:43.935] [bmv2] [D] [thread 21258] [14.0] [cxt 0] Extracting header 'ethernet'
[22:49:43.935] [bmv2] [D] [thread 21258] [14.0] [cxt 0] Parser state 'start': key is 86dd
[22:49:43.936] [bmv2] [T] [thread 21258] [14.0] [cxt 0] Bytes parsed: 14
[22:49:43.936] [bmv2] [T] [thread 21258] [14.0] [cxt 0] Skipping checksum 'cksum' verification because target field invalid
[22:49:43.936] [bmv2] [D] [thread 21258] [14.0] [cxt 0] Parser 'parser': end
[22:49:43.937] [bmv2] [D] [thread 21258] [14.0] [cxt 0] Pipeline 'ingress': start
[22:49:43.937] [bmv2] [T] [thread 21258] [14.0] [cxt 0] Applying table 'cis553Ingress.tiHandleEthernet'
[22:49:43.937] [bmv2] [D] [thread 21258] [14.0] [cxt 0] Looking up key:
* hdr.ethernet.dstAddr          : 333300000016
* standard_metadata.ingress_port: 0003

[22:49:43.938] [bmv2] [D] [thread 21258] [14.0] [cxt 0] Table 'cis553Ingress.tiHandleEthernet': miss
[22:49:43.938] [bmv2] [D] [thread 21258] [14.0] [cxt 0] Action entry is cis553Ingress.aiNotForMe - 
[22:49:43.939] [bmv2] [T] [thread 21258] [14.0] [cxt 0] Action cis553Ingress.aiNotForMe
[22:49:43.939] [bmv2] [T] [thread 21258] [14.0] [cxt 0] basic.p4(118) Primitive metadata.forMe = 0
[22:49:43.939] [bmv2] [T] [thread 21258] [14.0] [cxt 0] basic.p4(183) Condition "metadata.forMe == 0" (node_3) is true
[22:49:43.939] [bmv2] [T] [thread 21258] [14.0] [cxt 0] Applying table 'tbl_aDrop'
[22:49:43.940] [bmv2] [D] [thread 21258] [14.0] [cxt 0] Looking up key:

[22:49:43.940] [bmv2] [D] [thread 21258] [14.0] [cxt 0] Table 'tbl_aDrop': miss
[22:49:43.941] [bmv2] [D] [thread 21258] [14.0] [cxt 0] Action entry is cis553Ingress.aDrop - 
[22:49:43.941] [bmv2] [T] [thread 21258] [14.0] [cxt 0] Action cis553Ingress.aDrop
[22:49:43.942] [bmv2] [T] [thread 21258] [14.0] [cxt 0] basic.p4(135) Primitive mark_to_drop()
[22:49:43.942] [bmv2] [D] [thread 21258] [14.0] [cxt 0] Pipeline 'ingress': end
[22:49:43.942] [bmv2] [D] [thread 21258] [14.0] [cxt 0] Egress port is 511
[22:49:43.943] [bmv2] [D] [thread 21258] [14.0] [cxt 0] Dropping packet at the end of ingress
[22:49:43.961] [bmv2] [D] [thread 21258] [15.0] [cxt 0] Processing packet received on port 1
[22:49:43.961] [bmv2] [D] [thread 21258] [15.0] [cxt 0] Parser 'parser': start
[22:49:43.962] [bmv2] [D] [thread 21258] [15.0] [cxt 0] Parser 'parser' entering state 'start'
[22:49:43.962] [bmv2] [D] [thread 21258] [15.0] [cxt 0] Extracting header 'ethernet'
[22:49:43.962] [bmv2] [D] [thread 21258] [15.0] [cxt 0] Parser state 'start': key is 86dd
[22:49:43.962] [bmv2] [T] [thread 21258] [15.0] [cxt 0] Bytes parsed: 14
[22:49:43.962] [bmv2] [T] [thread 21258] [15.0] [cxt 0] Skipping checksum 'cksum' verification because target field invalid
[22:49:43.963] [bmv2] [D] [thread 21258] [15.0] [cxt 0] Parser 'parser': end
[22:49:43.963] [bmv2] [D] [thread 21258] [15.0] [cxt 0] Pipeline 'ingress': start
[22:49:43.963] [bmv2] [T] [thread 21258] [15.0] [cxt 0] Applying table 'cis553Ingress.tiHandleEthernet'
[22:49:43.963] [bmv2] [D] [thread 21258] [15.0] [cxt 0] Looking up key:
* hdr.ethernet.dstAddr          : 333300000016
* standard_metadata.ingress_port: 0001

[22:49:43.963] [bmv2] [D] [thread 21258] [15.0] [cxt 0] Table 'cis553Ingress.tiHandleEthernet': miss
[22:49:43.964] [bmv2] [D] [thread 21258] [15.0] [cxt 0] Action entry is cis553Ingress.aiNotForMe - 
[22:49:43.964] [bmv2] [T] [thread 21258] [15.0] [cxt 0] Action cis553Ingress.aiNotForMe
[22:49:43.964] [bmv2] [T] [thread 21258] [15.0] [cxt 0] basic.p4(118) Primitive metadata.forMe = 0
[22:49:43.964] [bmv2] [T] [thread 21258] [15.0] [cxt 0] basic.p4(183) Condition "metadata.forMe == 0" (node_3) is true
[22:49:43.964] [bmv2] [T] [thread 21258] [15.0] [cxt 0] Applying table 'tbl_aDrop'
[22:49:43.965] [bmv2] [D] [thread 21258] [15.0] [cxt 0] Looking up key:

[22:49:43.965] [bmv2] [D] [thread 21258] [15.0] [cxt 0] Table 'tbl_aDrop': miss
[22:49:43.965] [bmv2] [D] [thread 21258] [15.0] [cxt 0] Action entry is cis553Ingress.aDrop - 
[22:49:43.965] [bmv2] [T] [thread 21258] [15.0] [cxt 0] Action cis553Ingress.aDrop
[22:49:43.965] [bmv2] [T] [thread 21258] [15.0] [cxt 0] basic.p4(135) Primitive mark_to_drop()
[22:49:43.965] [bmv2] [D] [thread 21258] [15.0] [cxt 0] Pipeline 'ingress': end
[22:49:43.965] [bmv2] [D] [thread 21258] [15.0] [cxt 0] Egress port is 511
[22:49:43.965] [bmv2] [D] [thread 21258] [15.0] [cxt 0] Dropping packet at the end of ingress
[22:49:44.562] [bmv2] [D] [thread 21258] [16.0] [cxt 0] Processing packet received on port 1
[22:49:44.562] [bmv2] [D] [thread 21258] [16.0] [cxt 0] Parser 'parser': start
[22:49:44.562] [bmv2] [D] [thread 21258] [16.0] [cxt 0] Parser 'parser' entering state 'start'
[22:49:44.563] [bmv2] [D] [thread 21258] [16.0] [cxt 0] Extracting header 'ethernet'
[22:49:44.563] [bmv2] [D] [thread 21258] [16.0] [cxt 0] Parser state 'start': key is 86dd
[22:49:44.563] [bmv2] [T] [thread 21258] [16.0] [cxt 0] Bytes parsed: 14
[22:49:44.564] [bmv2] [T] [thread 21258] [16.0] [cxt 0] Skipping checksum 'cksum' verification because target field invalid
[22:49:44.564] [bmv2] [D] [thread 21258] [16.0] [cxt 0] Parser 'parser': end
[22:49:44.564] [bmv2] [D] [thread 21258] [16.0] [cxt 0] Pipeline 'ingress': start
[22:49:44.565] [bmv2] [T] [thread 21258] [16.0] [cxt 0] Applying table 'cis553Ingress.tiHandleEthernet'
[22:49:44.565] [bmv2] [D] [thread 21258] [16.0] [cxt 0] Looking up key:
* hdr.ethernet.dstAddr          : 333300000016
* standard_metadata.ingress_port: 0001

[22:49:44.565] [bmv2] [D] [thread 21258] [16.0] [cxt 0] Table 'cis553Ingress.tiHandleEthernet': miss
[22:49:44.565] [bmv2] [D] [thread 21258] [16.0] [cxt 0] Action entry is cis553Ingress.aiNotForMe - 
[22:49:44.566] [bmv2] [T] [thread 21258] [16.0] [cxt 0] Action cis553Ingress.aiNotForMe
[22:49:44.566] [bmv2] [T] [thread 21258] [16.0] [cxt 0] basic.p4(118) Primitive metadata.forMe = 0
[22:49:44.566] [bmv2] [T] [thread 21258] [16.0] [cxt 0] basic.p4(183) Condition "metadata.forMe == 0" (node_3) is true
[22:49:44.566] [bmv2] [T] [thread 21258] [16.0] [cxt 0] Applying table 'tbl_aDrop'
[22:49:44.567] [bmv2] [D] [thread 21258] [16.0] [cxt 0] Looking up key:

[22:49:44.567] [bmv2] [D] [thread 21258] [16.0] [cxt 0] Table 'tbl_aDrop': miss
[22:49:44.567] [bmv2] [D] [thread 21258] [16.0] [cxt 0] Action entry is cis553Ingress.aDrop - 
[22:49:44.567] [bmv2] [T] [thread 21258] [16.0] [cxt 0] Action cis553Ingress.aDrop
[22:49:44.567] [bmv2] [T] [thread 21258] [16.0] [cxt 0] basic.p4(135) Primitive mark_to_drop()
[22:49:44.567] [bmv2] [D] [thread 21258] [16.0] [cxt 0] Pipeline 'ingress': end
[22:49:44.568] [bmv2] [D] [thread 21258] [16.0] [cxt 0] Egress port is 511
[22:49:44.568] [bmv2] [D] [thread 21258] [16.0] [cxt 0] Dropping packet at the end of ingress
[22:49:46.906] [bmv2] [D] [thread 21258] [17.0] [cxt 0] Processing packet received on port 1
[22:49:46.906] [bmv2] [D] [thread 21258] [17.0] [cxt 0] Parser 'parser': start
[22:49:46.907] [bmv2] [D] [thread 21258] [17.0] [cxt 0] Parser 'parser' entering state 'start'
[22:49:46.907] [bmv2] [D] [thread 21258] [17.0] [cxt 0] Extracting header 'ethernet'
[22:49:46.907] [bmv2] [D] [thread 21258] [17.0] [cxt 0] Parser state 'start': key is 86dd
[22:49:46.907] [bmv2] [T] [thread 21258] [17.0] [cxt 0] Bytes parsed: 14
[22:49:46.907] [bmv2] [T] [thread 21258] [17.0] [cxt 0] Skipping checksum 'cksum' verification because target field invalid
[22:49:46.908] [bmv2] [D] [thread 21258] [17.0] [cxt 0] Parser 'parser': end
[22:49:46.908] [bmv2] [D] [thread 21258] [17.0] [cxt 0] Pipeline 'ingress': start
[22:49:46.908] [bmv2] [T] [thread 21258] [17.0] [cxt 0] Applying table 'cis553Ingress.tiHandleEthernet'
[22:49:46.908] [bmv2] [D] [thread 21258] [17.0] [cxt 0] Looking up key:
* hdr.ethernet.dstAddr          : 333300000002
* standard_metadata.ingress_port: 0001

[22:49:46.908] [bmv2] [D] [thread 21258] [17.0] [cxt 0] Table 'cis553Ingress.tiHandleEthernet': miss
[22:49:46.909] [bmv2] [D] [thread 21258] [17.0] [cxt 0] Action entry is cis553Ingress.aiNotForMe - 
[22:49:46.909] [bmv2] [T] [thread 21258] [17.0] [cxt 0] Action cis553Ingress.aiNotForMe
[22:49:46.909] [bmv2] [T] [thread 21258] [17.0] [cxt 0] basic.p4(118) Primitive metadata.forMe = 0
[22:49:46.909] [bmv2] [T] [thread 21258] [17.0] [cxt 0] basic.p4(183) Condition "metadata.forMe == 0" (node_3) is true
[22:49:46.909] [bmv2] [T] [thread 21258] [17.0] [cxt 0] Applying table 'tbl_aDrop'
[22:49:46.910] [bmv2] [D] [thread 21258] [17.0] [cxt 0] Looking up key:

[22:49:46.910] [bmv2] [D] [thread 21258] [17.0] [cxt 0] Table 'tbl_aDrop': miss
[22:49:46.910] [bmv2] [D] [thread 21258] [17.0] [cxt 0] Action entry is cis553Ingress.aDrop - 
[22:49:46.910] [bmv2] [T] [thread 21258] [17.0] [cxt 0] Action cis553Ingress.aDrop
[22:49:46.911] [bmv2] [T] [thread 21258] [17.0] [cxt 0] basic.p4(135) Primitive mark_to_drop()
[22:49:46.911] [bmv2] [D] [thread 21258] [17.0] [cxt 0] Pipeline 'ingress': end
[22:49:46.911] [bmv2] [D] [thread 21258] [17.0] [cxt 0] Egress port is 511
[22:49:46.911] [bmv2] [D] [thread 21258] [17.0] [cxt 0] Dropping packet at the end of ingress
[22:49:47.115] [bmv2] [D] [thread 21258] [18.0] [cxt 0] Processing packet received on port 2
[22:49:47.117] [bmv2] [D] [thread 21258] [18.0] [cxt 0] Parser 'parser': start
[22:49:47.120] [bmv2] [D] [thread 21258] [18.0] [cxt 0] Parser 'parser' entering state 'start'
[22:49:47.120] [bmv2] [D] [thread 21258] [18.0] [cxt 0] Extracting header 'ethernet'
[22:49:47.120] [bmv2] [D] [thread 21258] [18.0] [cxt 0] Parser state 'start': key is 86dd
[22:49:47.120] [bmv2] [T] [thread 21258] [18.0] [cxt 0] Bytes parsed: 14
[22:49:47.121] [bmv2] [T] [thread 21258] [18.0] [cxt 0] Skipping checksum 'cksum' verification because target field invalid
[22:49:47.121] [bmv2] [D] [thread 21258] [18.0] [cxt 0] Parser 'parser': end
[22:49:47.121] [bmv2] [D] [thread 21258] [18.0] [cxt 0] Pipeline 'ingress': start
[22:49:47.121] [bmv2] [T] [thread 21258] [18.0] [cxt 0] Applying table 'cis553Ingress.tiHandleEthernet'
[22:49:47.121] [bmv2] [D] [thread 21258] [18.0] [cxt 0] Looking up key:
* hdr.ethernet.dstAddr          : 333300000002
* standard_metadata.ingress_port: 0002

[22:49:47.121] [bmv2] [D] [thread 21258] [18.0] [cxt 0] Table 'cis553Ingress.tiHandleEthernet': miss
[22:49:47.121] [bmv2] [D] [thread 21258] [18.0] [cxt 0] Action entry is cis553Ingress.aiNotForMe - 
[22:49:47.122] [bmv2] [T] [thread 21258] [18.0] [cxt 0] Action cis553Ingress.aiNotForMe
[22:49:47.122] [bmv2] [T] [thread 21258] [18.0] [cxt 0] basic.p4(118) Primitive metadata.forMe = 0
[22:49:47.122] [bmv2] [T] [thread 21258] [18.0] [cxt 0] basic.p4(183) Condition "metadata.forMe == 0" (node_3) is true
[22:49:47.122] [bmv2] [T] [thread 21258] [18.0] [cxt 0] Applying table 'tbl_aDrop'
[22:49:47.122] [bmv2] [D] [thread 21258] [18.0] [cxt 0] Looking up key:

[22:49:47.122] [bmv2] [D] [thread 21258] [18.0] [cxt 0] Table 'tbl_aDrop': miss
[22:49:47.122] [bmv2] [D] [thread 21258] [18.0] [cxt 0] Action entry is cis553Ingress.aDrop - 
[22:49:47.122] [bmv2] [T] [thread 21258] [18.0] [cxt 0] Action cis553Ingress.aDrop
[22:49:47.122] [bmv2] [T] [thread 21258] [18.0] [cxt 0] basic.p4(135) Primitive mark_to_drop()
[22:49:47.123] [bmv2] [D] [thread 21258] [18.0] [cxt 0] Pipeline 'ingress': end
[22:49:47.123] [bmv2] [D] [thread 21258] [18.0] [cxt 0] Egress port is 511
[22:49:47.123] [bmv2] [D] [thread 21258] [18.0] [cxt 0] Dropping packet at the end of ingress
[22:49:47.123] [bmv2] [D] [thread 21258] [19.0] [cxt 0] Processing packet received on port 3
[22:49:47.124] [bmv2] [D] [thread 21258] [19.0] [cxt 0] Parser 'parser': start
[22:49:47.124] [bmv2] [D] [thread 21258] [19.0] [cxt 0] Parser 'parser' entering state 'start'
[22:49:47.124] [bmv2] [D] [thread 21258] [19.0] [cxt 0] Extracting header 'ethernet'
[22:49:47.124] [bmv2] [D] [thread 21258] [19.0] [cxt 0] Parser state 'start': key is 86dd
[22:49:47.125] [bmv2] [T] [thread 21258] [19.0] [cxt 0] Bytes parsed: 14
[22:49:47.125] [bmv2] [T] [thread 21258] [19.0] [cxt 0] Skipping checksum 'cksum' verification because target field invalid
[22:49:47.125] [bmv2] [D] [thread 21258] [19.0] [cxt 0] Parser 'parser': end
[22:49:47.125] [bmv2] [D] [thread 21258] [19.0] [cxt 0] Pipeline 'ingress': start
[22:49:47.125] [bmv2] [T] [thread 21258] [19.0] [cxt 0] Applying table 'cis553Ingress.tiHandleEthernet'
[22:49:47.126] [bmv2] [D] [thread 21258] [19.0] [cxt 0] Looking up key:
* hdr.ethernet.dstAddr          : 333300000002
* standard_metadata.ingress_port: 0003

[22:49:47.126] [bmv2] [D] [thread 21258] [19.0] [cxt 0] Table 'cis553Ingress.tiHandleEthernet': miss
[22:49:47.126] [bmv2] [D] [thread 21258] [19.0] [cxt 0] Action entry is cis553Ingress.aiNotForMe - 
[22:49:47.126] [bmv2] [T] [thread 21258] [19.0] [cxt 0] Action cis553Ingress.aiNotForMe
[22:49:47.126] [bmv2] [T] [thread 21258] [19.0] [cxt 0] basic.p4(118) Primitive metadata.forMe = 0
[22:49:47.127] [bmv2] [T] [thread 21258] [19.0] [cxt 0] basic.p4(183) Condition "metadata.forMe == 0" (node_3) is true
[22:49:47.127] [bmv2] [T] [thread 21258] [19.0] [cxt 0] Applying table 'tbl_aDrop'
[22:49:47.127] [bmv2] [D] [thread 21258] [19.0] [cxt 0] Looking up key:

[22:49:47.127] [bmv2] [D] [thread 21258] [19.0] [cxt 0] Table 'tbl_aDrop': miss
[22:49:47.127] [bmv2] [D] [thread 21258] [19.0] [cxt 0] Action entry is cis553Ingress.aDrop - 
[22:49:47.127] [bmv2] [T] [thread 21258] [19.0] [cxt 0] Action cis553Ingress.aDrop
[22:49:47.128] [bmv2] [T] [thread 21258] [19.0] [cxt 0] basic.p4(135) Primitive mark_to_drop()
[22:49:47.128] [bmv2] [D] [thread 21258] [19.0] [cxt 0] Pipeline 'ingress': end
[22:49:47.128] [bmv2] [D] [thread 21258] [19.0] [cxt 0] Egress port is 511
[22:49:47.128] [bmv2] [D] [thread 21258] [19.0] [cxt 0] Dropping packet at the end of ingress
[22:49:47.178] [bmv2] [D] [thread 21258] [20.0] [cxt 0] Processing packet received on port 3
[22:49:47.179] [bmv2] [D] [thread 21258] [20.0] [cxt 0] Parser 'parser': start
[22:49:47.179] [bmv2] [D] [thread 21258] [20.0] [cxt 0] Parser 'parser' entering state 'start'
[22:49:47.180] [bmv2] [D] [thread 21258] [20.0] [cxt 0] Extracting header 'ethernet'
[22:49:47.180] [bmv2] [D] [thread 21258] [20.0] [cxt 0] Parser state 'start': key is 86dd
[22:49:47.180] [bmv2] [T] [thread 21258] [20.0] [cxt 0] Bytes parsed: 14
[22:49:47.180] [bmv2] [T] [thread 21258] [20.0] [cxt 0] Skipping checksum 'cksum' verification because target field invalid
[22:49:47.181] [bmv2] [D] [thread 21258] [20.0] [cxt 0] Parser 'parser': end
[22:49:47.181] [bmv2] [D] [thread 21258] [20.0] [cxt 0] Pipeline 'ingress': start
[22:49:47.181] [bmv2] [T] [thread 21258] [20.0] [cxt 0] Applying table 'cis553Ingress.tiHandleEthernet'
[22:49:47.181] [bmv2] [D] [thread 21258] [20.0] [cxt 0] Looking up key:
* hdr.ethernet.dstAddr          : 333300000002
* standard_metadata.ingress_port: 0003

[22:49:47.182] [bmv2] [D] [thread 21258] [20.0] [cxt 0] Table 'cis553Ingress.tiHandleEthernet': miss
[22:49:47.182] [bmv2] [D] [thread 21258] [20.0] [cxt 0] Action entry is cis553Ingress.aiNotForMe - 
[22:49:47.182] [bmv2] [T] [thread 21258] [20.0] [cxt 0] Action cis553Ingress.aiNotForMe
[22:49:47.182] [bmv2] [T] [thread 21258] [20.0] [cxt 0] basic.p4(118) Primitive metadata.forMe = 0
[22:49:47.183] [bmv2] [T] [thread 21258] [20.0] [cxt 0] basic.p4(183) Condition "metadata.forMe == 0" (node_3) is true
[22:49:47.183] [bmv2] [T] [thread 21258] [20.0] [cxt 0] Applying table 'tbl_aDrop'
[22:49:47.183] [bmv2] [D] [thread 21258] [20.0] [cxt 0] Looking up key:

[22:49:47.184] [bmv2] [D] [thread 21258] [20.0] [cxt 0] Table 'tbl_aDrop': miss
[22:49:47.184] [bmv2] [D] [thread 21258] [20.0] [cxt 0] Action entry is cis553Ingress.aDrop - 
[22:49:47.184] [bmv2] [T] [thread 21258] [20.0] [cxt 0] Action cis553Ingress.aDrop
[22:49:47.184] [bmv2] [T] [thread 21258] [20.0] [cxt 0] basic.p4(135) Primitive mark_to_drop()
[22:49:47.184] [bmv2] [D] [thread 21258] [20.0] [cxt 0] Pipeline 'ingress': end
[22:49:47.184] [bmv2] [D] [thread 21258] [20.0] [cxt 0] Egress port is 511
[22:49:47.184] [bmv2] [D] [thread 21258] [20.0] [cxt 0] Dropping packet at the end of ingress
[22:49:47.194] [bmv2] [D] [thread 21258] [21.0] [cxt 0] Processing packet received on port 2
[22:49:47.195] [bmv2] [D] [thread 21258] [21.0] [cxt 0] Parser 'parser': start
[22:49:47.196] [bmv2] [D] [thread 21258] [21.0] [cxt 0] Parser 'parser' entering state 'start'
[22:49:47.196] [bmv2] [D] [thread 21258] [21.0] [cxt 0] Extracting header 'ethernet'
[22:49:47.196] [bmv2] [D] [thread 21258] [21.0] [cxt 0] Parser state 'start': key is 86dd
[22:49:47.196] [bmv2] [T] [thread 21258] [21.0] [cxt 0] Bytes parsed: 14
[22:49:47.197] [bmv2] [T] [thread 21258] [21.0] [cxt 0] Skipping checksum 'cksum' verification because target field invalid
[22:49:47.197] [bmv2] [D] [thread 21258] [21.0] [cxt 0] Parser 'parser': end
[22:49:47.197] [bmv2] [D] [thread 21258] [21.0] [cxt 0] Pipeline 'ingress': start
[22:49:47.197] [bmv2] [T] [thread 21258] [21.0] [cxt 0] Applying table 'cis553Ingress.tiHandleEthernet'
[22:49:47.198] [bmv2] [D] [thread 21258] [21.0] [cxt 0] Looking up key:
* hdr.ethernet.dstAddr          : 333300000002
* standard_metadata.ingress_port: 0002

[22:49:47.198] [bmv2] [D] [thread 21258] [21.0] [cxt 0] Table 'cis553Ingress.tiHandleEthernet': miss
[22:49:47.198] [bmv2] [D] [thread 21258] [21.0] [cxt 0] Action entry is cis553Ingress.aiNotForMe - 
[22:49:47.198] [bmv2] [T] [thread 21258] [21.0] [cxt 0] Action cis553Ingress.aiNotForMe
[22:49:47.199] [bmv2] [T] [thread 21258] [21.0] [cxt 0] basic.p4(118) Primitive metadata.forMe = 0
[22:49:47.199] [bmv2] [T] [thread 21258] [21.0] [cxt 0] basic.p4(183) Condition "metadata.forMe == 0" (node_3) is true
[22:49:47.199] [bmv2] [T] [thread 21258] [21.0] [cxt 0] Applying table 'tbl_aDrop'
[22:49:47.199] [bmv2] [D] [thread 21258] [21.0] [cxt 0] Looking up key:

[22:49:47.200] [bmv2] [D] [thread 21258] [21.0] [cxt 0] Table 'tbl_aDrop': miss
[22:49:47.200] [bmv2] [D] [thread 21258] [21.0] [cxt 0] Action entry is cis553Ingress.aDrop - 
[22:49:47.200] [bmv2] [T] [thread 21258] [21.0] [cxt 0] Action cis553Ingress.aDrop
[22:49:47.200] [bmv2] [T] [thread 21258] [21.0] [cxt 0] basic.p4(135) Primitive mark_to_drop()
[22:49:47.201] [bmv2] [D] [thread 21258] [21.0] [cxt 0] Pipeline 'ingress': end
[22:49:47.201] [bmv2] [D] [thread 21258] [21.0] [cxt 0] Egress port is 511
[22:49:47.201] [bmv2] [D] [thread 21258] [21.0] [cxt 0] Dropping packet at the end of ingress
[22:49:50.914] [bmv2] [D] [thread 21258] [22.0] [cxt 0] Processing packet received on port 1
[22:49:50.914] [bmv2] [D] [thread 21258] [22.0] [cxt 0] Parser 'parser': start
[22:49:50.914] [bmv2] [D] [thread 21258] [22.0] [cxt 0] Parser 'parser' entering state 'start'
[22:49:50.915] [bmv2] [D] [thread 21258] [22.0] [cxt 0] Extracting header 'ethernet'
[22:49:50.915] [bmv2] [D] [thread 21258] [22.0] [cxt 0] Parser state 'start': key is 86dd
[22:49:50.915] [bmv2] [T] [thread 21258] [22.0] [cxt 0] Bytes parsed: 14
[22:49:50.916] [bmv2] [T] [thread 21258] [22.0] [cxt 0] Skipping checksum 'cksum' verification because target field invalid
[22:49:50.916] [bmv2] [D] [thread 21258] [22.0] [cxt 0] Parser 'parser': end
[22:49:50.916] [bmv2] [D] [thread 21258] [22.0] [cxt 0] Pipeline 'ingress': start
[22:49:50.917] [bmv2] [T] [thread 21258] [22.0] [cxt 0] Applying table 'cis553Ingress.tiHandleEthernet'
[22:49:50.917] [bmv2] [D] [thread 21258] [22.0] [cxt 0] Looking up key:
* hdr.ethernet.dstAddr          : 333300000002
* standard_metadata.ingress_port: 0001

[22:49:50.917] [bmv2] [D] [thread 21258] [22.0] [cxt 0] Table 'cis553Ingress.tiHandleEthernet': miss
[22:49:50.918] [bmv2] [D] [thread 21258] [22.0] [cxt 0] Action entry is cis553Ingress.aiNotForMe - 
[22:49:50.918] [bmv2] [T] [thread 21258] [22.0] [cxt 0] Action cis553Ingress.aiNotForMe
[22:49:50.918] [bmv2] [T] [thread 21258] [22.0] [cxt 0] basic.p4(118) Primitive metadata.forMe = 0
[22:49:50.919] [bmv2] [T] [thread 21258] [22.0] [cxt 0] basic.p4(183) Condition "metadata.forMe == 0" (node_3) is true
[22:49:50.919] [bmv2] [T] [thread 21258] [22.0] [cxt 0] Applying table 'tbl_aDrop'
[22:49:50.919] [bmv2] [D] [thread 21258] [22.0] [cxt 0] Looking up key:

[22:49:50.919] [bmv2] [D] [thread 21258] [22.0] [cxt 0] Table 'tbl_aDrop': miss
[22:49:50.919] [bmv2] [D] [thread 21258] [22.0] [cxt 0] Action entry is cis553Ingress.aDrop - 
[22:49:50.919] [bmv2] [T] [thread 21258] [22.0] [cxt 0] Action cis553Ingress.aDrop
[22:49:50.920] [bmv2] [T] [thread 21258] [22.0] [cxt 0] basic.p4(135) Primitive mark_to_drop()
[22:49:50.920] [bmv2] [D] [thread 21258] [22.0] [cxt 0] Pipeline 'ingress': end
[22:49:50.920] [bmv2] [D] [thread 21258] [22.0] [cxt 0] Egress port is 511
[22:49:50.920] [bmv2] [D] [thread 21258] [22.0] [cxt 0] Dropping packet at the end of ingress
[22:49:51.123] [bmv2] [D] [thread 21258] [23.0] [cxt 0] Processing packet received on port 2
[22:49:51.124] [bmv2] [D] [thread 21258] [23.0] [cxt 0] Parser 'parser': start
[22:49:51.124] [bmv2] [D] [thread 21258] [23.0] [cxt 0] Parser 'parser' entering state 'start'
[22:49:51.125] [bmv2] [D] [thread 21258] [23.0] [cxt 0] Extracting header 'ethernet'
[22:49:51.125] [bmv2] [D] [thread 21258] [23.0] [cxt 0] Parser state 'start': key is 86dd
[22:49:51.126] [bmv2] [T] [thread 21258] [23.0] [cxt 0] Bytes parsed: 14
[22:49:51.126] [bmv2] [T] [thread 21258] [23.0] [cxt 0] Skipping checksum 'cksum' verification because target field invalid
[22:49:51.127] [bmv2] [D] [thread 21258] [23.0] [cxt 0] Parser 'parser': end
[22:49:51.128] [bmv2] [D] [thread 21258] [23.0] [cxt 0] Pipeline 'ingress': start
[22:49:51.128] [bmv2] [T] [thread 21258] [23.0] [cxt 0] Applying table 'cis553Ingress.tiHandleEthernet'
[22:49:51.129] [bmv2] [D] [thread 21258] [23.0] [cxt 0] Looking up key:
* hdr.ethernet.dstAddr          : 333300000002
* standard_metadata.ingress_port: 0002

[22:49:51.129] [bmv2] [D] [thread 21258] [23.0] [cxt 0] Table 'cis553Ingress.tiHandleEthernet': miss
[22:49:51.129] [bmv2] [D] [thread 21258] [23.0] [cxt 0] Action entry is cis553Ingress.aiNotForMe - 
[22:49:51.129] [bmv2] [T] [thread 21258] [23.0] [cxt 0] Action cis553Ingress.aiNotForMe
[22:49:51.130] [bmv2] [T] [thread 21258] [23.0] [cxt 0] basic.p4(118) Primitive metadata.forMe = 0
[22:49:51.130] [bmv2] [T] [thread 21258] [23.0] [cxt 0] basic.p4(183) Condition "metadata.forMe == 0" (node_3) is true
[22:49:51.130] [bmv2] [T] [thread 21258] [23.0] [cxt 0] Applying table 'tbl_aDrop'
[22:49:51.130] [bmv2] [D] [thread 21258] [23.0] [cxt 0] Looking up key:

[22:49:51.130] [bmv2] [D] [thread 21258] [23.0] [cxt 0] Table 'tbl_aDrop': miss
[22:49:51.130] [bmv2] [D] [thread 21258] [23.0] [cxt 0] Action entry is cis553Ingress.aDrop - 
[22:49:51.130] [bmv2] [T] [thread 21258] [23.0] [cxt 0] Action cis553Ingress.aDrop
[22:49:51.130] [bmv2] [T] [thread 21258] [23.0] [cxt 0] basic.p4(135) Primitive mark_to_drop()
[22:49:51.130] [bmv2] [D] [thread 21258] [23.0] [cxt 0] Pipeline 'ingress': end
[22:49:51.130] [bmv2] [D] [thread 21258] [23.0] [cxt 0] Egress port is 511
[22:49:51.130] [bmv2] [D] [thread 21258] [23.0] [cxt 0] Dropping packet at the end of ingress
[22:49:51.131] [bmv2] [D] [thread 21258] [24.0] [cxt 0] Processing packet received on port 3
[22:49:51.131] [bmv2] [D] [thread 21258] [24.0] [cxt 0] Parser 'parser': start
[22:49:51.131] [bmv2] [D] [thread 21258] [24.0] [cxt 0] Parser 'parser' entering state 'start'
[22:49:51.131] [bmv2] [D] [thread 21258] [24.0] [cxt 0] Extracting header 'ethernet'
[22:49:51.131] [bmv2] [D] [thread 21258] [24.0] [cxt 0] Parser state 'start': key is 86dd
[22:49:51.131] [bmv2] [T] [thread 21258] [24.0] [cxt 0] Bytes parsed: 14
[22:49:51.131] [bmv2] [T] [thread 21258] [24.0] [cxt 0] Skipping checksum 'cksum' verification because target field invalid
[22:49:51.131] [bmv2] [D] [thread 21258] [24.0] [cxt 0] Parser 'parser': end
[22:49:51.131] [bmv2] [D] [thread 21258] [24.0] [cxt 0] Pipeline 'ingress': start
[22:49:51.131] [bmv2] [T] [thread 21258] [24.0] [cxt 0] Applying table 'cis553Ingress.tiHandleEthernet'
[22:49:51.131] [bmv2] [D] [thread 21258] [24.0] [cxt 0] Looking up key:
* hdr.ethernet.dstAddr          : 333300000002
* standard_metadata.ingress_port: 0003

[22:49:51.132] [bmv2] [D] [thread 21258] [24.0] [cxt 0] Table 'cis553Ingress.tiHandleEthernet': miss
[22:49:51.132] [bmv2] [D] [thread 21258] [24.0] [cxt 0] Action entry is cis553Ingress.aiNotForMe - 
[22:49:51.132] [bmv2] [T] [thread 21258] [24.0] [cxt 0] Action cis553Ingress.aiNotForMe
[22:49:51.132] [bmv2] [T] [thread 21258] [24.0] [cxt 0] basic.p4(118) Primitive metadata.forMe = 0
[22:49:51.132] [bmv2] [T] [thread 21258] [24.0] [cxt 0] basic.p4(183) Condition "metadata.forMe == 0" (node_3) is true
[22:49:51.132] [bmv2] [T] [thread 21258] [24.0] [cxt 0] Applying table 'tbl_aDrop'
[22:49:51.132] [bmv2] [D] [thread 21258] [24.0] [cxt 0] Looking up key:

[22:49:51.132] [bmv2] [D] [thread 21258] [24.0] [cxt 0] Table 'tbl_aDrop': miss
[22:49:51.132] [bmv2] [D] [thread 21258] [24.0] [cxt 0] Action entry is cis553Ingress.aDrop - 
[22:49:51.132] [bmv2] [T] [thread 21258] [24.0] [cxt 0] Action cis553Ingress.aDrop
[22:49:51.132] [bmv2] [T] [thread 21258] [24.0] [cxt 0] basic.p4(135) Primitive mark_to_drop()
[22:49:51.132] [bmv2] [D] [thread 21258] [24.0] [cxt 0] Pipeline 'ingress': end
[22:49:51.132] [bmv2] [D] [thread 21258] [24.0] [cxt 0] Egress port is 511
[22:49:51.132] [bmv2] [D] [thread 21258] [24.0] [cxt 0] Dropping packet at the end of ingress
[22:49:51.186] [bmv2] [D] [thread 21258] [25.0] [cxt 0] Processing packet received on port 3
[22:49:51.186] [bmv2] [D] [thread 21258] [25.0] [cxt 0] Parser 'parser': start
[22:49:51.186] [bmv2] [D] [thread 21258] [25.0] [cxt 0] Parser 'parser' entering state 'start'
[22:49:51.187] [bmv2] [D] [thread 21258] [25.0] [cxt 0] Extracting header 'ethernet'
[22:49:51.187] [bmv2] [D] [thread 21258] [25.0] [cxt 0] Parser state 'start': key is 86dd
[22:49:51.187] [bmv2] [T] [thread 21258] [25.0] [cxt 0] Bytes parsed: 14
[22:49:51.187] [bmv2] [T] [thread 21258] [25.0] [cxt 0] Skipping checksum 'cksum' verification because target field invalid
[22:49:51.188] [bmv2] [D] [thread 21258] [25.0] [cxt 0] Parser 'parser': end
[22:49:51.188] [bmv2] [D] [thread 21258] [25.0] [cxt 0] Pipeline 'ingress': start
[22:49:51.188] [bmv2] [T] [thread 21258] [25.0] [cxt 0] Applying table 'cis553Ingress.tiHandleEthernet'
[22:49:51.188] [bmv2] [D] [thread 21258] [25.0] [cxt 0] Looking up key:
* hdr.ethernet.dstAddr          : 333300000002
* standard_metadata.ingress_port: 0003

[22:49:51.189] [bmv2] [D] [thread 21258] [25.0] [cxt 0] Table 'cis553Ingress.tiHandleEthernet': miss
[22:49:51.189] [bmv2] [D] [thread 21258] [25.0] [cxt 0] Action entry is cis553Ingress.aiNotForMe - 
[22:49:51.189] [bmv2] [T] [thread 21258] [25.0] [cxt 0] Action cis553Ingress.aiNotForMe
[22:49:51.189] [bmv2] [T] [thread 21258] [25.0] [cxt 0] basic.p4(118) Primitive metadata.forMe = 0
[22:49:51.190] [bmv2] [T] [thread 21258] [25.0] [cxt 0] basic.p4(183) Condition "metadata.forMe == 0" (node_3) is true
[22:49:51.190] [bmv2] [T] [thread 21258] [25.0] [cxt 0] Applying table 'tbl_aDrop'
[22:49:51.190] [bmv2] [D] [thread 21258] [25.0] [cxt 0] Looking up key:

[22:49:51.190] [bmv2] [D] [thread 21258] [25.0] [cxt 0] Table 'tbl_aDrop': miss
[22:49:51.191] [bmv2] [D] [thread 21258] [25.0] [cxt 0] Action entry is cis553Ingress.aDrop - 
[22:49:51.191] [bmv2] [T] [thread 21258] [25.0] [cxt 0] Action cis553Ingress.aDrop
[22:49:51.191] [bmv2] [T] [thread 21258] [25.0] [cxt 0] basic.p4(135) Primitive mark_to_drop()
[22:49:51.191] [bmv2] [D] [thread 21258] [25.0] [cxt 0] Pipeline 'ingress': end
[22:49:51.192] [bmv2] [D] [thread 21258] [25.0] [cxt 0] Egress port is 511
[22:49:51.192] [bmv2] [D] [thread 21258] [25.0] [cxt 0] Dropping packet at the end of ingress
[22:49:51.201] [bmv2] [D] [thread 21258] [26.0] [cxt 0] Processing packet received on port 2
[22:49:51.202] [bmv2] [D] [thread 21258] [26.0] [cxt 0] Parser 'parser': start
[22:49:51.202] [bmv2] [D] [thread 21258] [26.0] [cxt 0] Parser 'parser' entering state 'start'
[22:49:51.202] [bmv2] [D] [thread 21258] [26.0] [cxt 0] Extracting header 'ethernet'
[22:49:51.203] [bmv2] [D] [thread 21258] [26.0] [cxt 0] Parser state 'start': key is 86dd
[22:49:51.203] [bmv2] [T] [thread 21258] [26.0] [cxt 0] Bytes parsed: 14
[22:49:51.203] [bmv2] [T] [thread 21258] [26.0] [cxt 0] Skipping checksum 'cksum' verification because target field invalid
[22:49:51.204] [bmv2] [D] [thread 21258] [26.0] [cxt 0] Parser 'parser': end
[22:49:51.204] [bmv2] [D] [thread 21258] [26.0] [cxt 0] Pipeline 'ingress': start
[22:49:51.204] [bmv2] [T] [thread 21258] [26.0] [cxt 0] Applying table 'cis553Ingress.tiHandleEthernet'
[22:49:51.204] [bmv2] [D] [thread 21258] [26.0] [cxt 0] Looking up key:
* hdr.ethernet.dstAddr          : 333300000002
* standard_metadata.ingress_port: 0002

[22:49:51.205] [bmv2] [D] [thread 21258] [26.0] [cxt 0] Table 'cis553Ingress.tiHandleEthernet': miss
[22:49:51.205] [bmv2] [D] [thread 21258] [26.0] [cxt 0] Action entry is cis553Ingress.aiNotForMe - 
[22:49:51.205] [bmv2] [T] [thread 21258] [26.0] [cxt 0] Action cis553Ingress.aiNotForMe
[22:49:51.205] [bmv2] [T] [thread 21258] [26.0] [cxt 0] basic.p4(118) Primitive metadata.forMe = 0
[22:49:51.206] [bmv2] [T] [thread 21258] [26.0] [cxt 0] basic.p4(183) Condition "metadata.forMe == 0" (node_3) is true
[22:49:51.207] [bmv2] [T] [thread 21258] [26.0] [cxt 0] Applying table 'tbl_aDrop'
[22:49:51.207] [bmv2] [D] [thread 21258] [26.0] [cxt 0] Looking up key:

[22:49:51.207] [bmv2] [D] [thread 21258] [26.0] [cxt 0] Table 'tbl_aDrop': miss
[22:49:51.207] [bmv2] [D] [thread 21258] [26.0] [cxt 0] Action entry is cis553Ingress.aDrop - 
[22:49:51.207] [bmv2] [T] [thread 21258] [26.0] [cxt 0] Action cis553Ingress.aDrop
[22:49:51.207] [bmv2] [T] [thread 21258] [26.0] [cxt 0] basic.p4(135) Primitive mark_to_drop()
[22:49:51.207] [bmv2] [D] [thread 21258] [26.0] [cxt 0] Pipeline 'ingress': end
[22:49:51.207] [bmv2] [D] [thread 21258] [26.0] [cxt 0] Egress port is 511
[22:49:51.207] [bmv2] [D] [thread 21258] [26.0] [cxt 0] Dropping packet at the end of ingress
